#
# A fatal error has been detected by the Java Runtime Environment:
#
#  EXCEPTION_ACCESS_VIOLATION (0xc0000005) at pc=0xffffffffa3725120, pid=2576, tid=0x0000000000002064
#
# JRE version: Java(TM) SE Runtime Environment (8.0_101-b13) (build 1.8.0_101-b13)
# Java VM: Java HotSpot(TM) 64-Bit Server VM (25.101-b13 mixed mode windows-amd64 compressed oops)
# Problematic frame:
# C  0xffffffffa3725120
#
# Failed to write core dump. Minidumps are not enabled by default on client versions of Windows
#
# If you would like to submit a bug report, please visit:
#   http://bugreport.java.com/bugreport/crash.jsp
#

---------------  T H R E A D  ---------------

Current thread (0x0000000002620800):  JavaThread "main" [_thread_in_Java, id=8292, stack(0x00000000024b0000,0x00000000025b0000)]

siginfo: ExceptionCode=0xc0000005, ExceptionInformation=0x0000000000000008 0xffffffffa3725120

Registers:
RAX=0x00000007c0054410, RBX=0x0000000000000066, RCX=0x0000000000000000, RDX=0x000000076bb205a0
RSP=0x00000000025aec58, RBP=0x00000000025aee98, RSI=0x0000000000000065, RDI=0x000000000000000b
R8 =0x000000076c571c08, R9 =0x000000076bb20960, R10=0x000000076bb205a0, R11=0x00000000ed76412c
R12=0x0000000000000000, R13=0x000000076bb20738, R14=0x000000000000000c, R15=0x0000000002620800
RIP=0xffffffffa3725120, EFLAGS=0x0000000000010202

Top of Stack: (sp=0x00000000025aec58)
0x00000000025aec58:   000000000288efcc 00000000025aecf0
0x00000000025aec68:   0000000002727ae0 00000000025aee20
0x00000000025aec78:   000000000288f194 000000000272809d
0x00000000025aec88:   000000000000013b 00000000000009c5
0x00000000025aec98:   000000076c308000 000000000000040d
0x00000000025aeca8:   000000076ba655d0 00000000025aecb0
0x00000000025aecb8:   000000001b501aa7 000000076c571c08
0x00000000025aecc8:   000000076bb200b8 000000076bb200d0
0x00000000025aecd8:   000000076c571c08 000000076c3013d0
0x00000000025aece8:   000000076bb204f0 000000076c301400
0x00000000025aecf8:   000000076bb205a0 000000076bb200b8
0x00000000025aed08:   000000076bb1ff60 000000076c301400
0x00000000025aed18:   000000076bb1bd18 00000000025aee98
0x00000000025aed28:   000000000288baec 000000000000040d
0x00000000025aed38:   000000076ba655d0 00000000025aee20
0x00000000025aed48:   000000000288baec 0000000000000580 

Instructions: (pc=0xffffffffa3725120)
0xffffffffa3725100:   
[error occurred during error reporting (printing registers, top of stack, instructions near pc), id 0xc0000005]

Register to memory mapping:

RAX=0x00000007c0054410 is pointing into metadata
RBX=0x0000000000000066 is an unknown value
RCX=0x0000000000000000 is an unknown value
RDX=0x000000076bb205a0 is an oop
java.util.regex.Pattern 
 - klass: 'java/util/regex/Pattern'
RSP=0x00000000025aec58 is pointing into the stack for thread: 0x0000000002620800
RBP=0x00000000025aee98 is pointing into the stack for thread: 0x0000000002620800
RSI=0x0000000000000065 is an unknown value
RDI=0x000000000000000b is an unknown value
R8 =0x000000076c571c08 is an oop
java.lang.String 
 - klass: 'java/lang/String'
R9 =0x000000076bb20960 is an oop
[I 
 - klass: {type array int}
 - length: 12
R10=0x000000076bb205a0 is an oop
java.util.regex.Pattern 
 - klass: 'java/util/regex/Pattern'
R11=0x00000000ed76412c is an unknown value
R12=0x0000000000000000 is an unknown value
R13=0x000000076bb20738 is an oop
java.util.regex.Pattern$Slice 
 - klass: 'java/util/regex/Pattern$Slice'
R14=0x000000000000000c is an unknown value
R15=0x0000000002620800 is a thread


Stack: [0x00000000024b0000,0x00000000025b0000],  sp=0x00000000025aec58,  free space=1019k
Native frames: (J=compiled Java code, j=interpreted, Vv=VM code, C=native code)
C  0xffffffffa3725120


---------------  P R O C E S S  ---------------

Java Threads: ( => current thread )
  0x000000001bc2d800 JavaThread "Service Thread" daemon [_thread_blocked, id=12256, stack(0x000000001cde0000,0x000000001cee0000)]
  0x000000001bbae000 JavaThread "C1 CompilerThread1" daemon [_thread_blocked, id=11584, stack(0x000000001cce0000,0x000000001cde0000)]
  0x000000001bbab000 JavaThread "C2 CompilerThread0" daemon [_thread_in_native, id=4384, stack(0x000000001cbe0000,0x000000001cce0000)]
  0x000000001bba9800 JavaThread "Attach Listener" daemon [_thread_blocked, id=10876, stack(0x000000001cae0000,0x000000001cbe0000)]
  0x000000001bba4800 JavaThread "Signal Dispatcher" daemon [_thread_blocked, id=5360, stack(0x000000001c9e0000,0x000000001cae0000)]
  0x0000000002717000 JavaThread "Finalizer" daemon [_thread_blocked, id=5460, stack(0x000000001c7f0000,0x000000001c8f0000)]
  0x000000000270b800 JavaThread "Reference Handler" daemon [_thread_blocked, id=10740, stack(0x000000001c6f0000,0x000000001c7f0000)]
=>0x0000000002620800 JavaThread "main" [_thread_in_Java, id=8292, stack(0x00000000024b0000,0x00000000025b0000)]

Other Threads:
  0x000000001bb76000 VMThread [stack: 0x000000001c5f0000,0x000000001c6f0000] [id=11312]
  0x000000001bc31800 WatcherThread [stack: 0x000000001cee0000,0x000000001cfe0000] [id=8552]

VM state:not at safepoint (normal execution)

VM Mutex/Monitor currently owned by a thread: None

Heap:
 PSYoungGen      total 28672K, used 20026K [0x000000076ab00000, 0x000000076e300000, 0x00000007c0000000)
  eden space 24576K, 67% used [0x000000076ab00000,0x000000076bb299f0,0x000000076c300000)
  from space 4096K, 84% used [0x000000076c300000,0x000000076c665198,0x000000076c700000)
  to   space 4096K, 0% used [0x000000076df00000,0x000000076df00000,0x000000076e300000)
 ParOldGen       total 65536K, used 8K [0x00000006c0000000, 0x00000006c4000000, 0x000000076ab00000)
  object space 65536K, 0% used [0x00000006c0000000,0x00000006c0002000,0x00000006c4000000)
 Metaspace       used 3431K, capacity 4720K, committed 4864K, reserved 1056768K
  class space    used 372K, capacity 424K, committed 512K, reserved 1048576K

Card table byte_map: [0x0000000011ae0000,0x00000000122f0000] byte_map_base: 0x000000000e4e0000

Marking Bits: (ParMarkBitMap*) 0x000000006b03a6d0
 Begin Bits: [0x0000000012a50000, 0x0000000016a50000)
 End Bits:   [0x0000000016a50000, 0x000000001aa50000)

Polling page: 0x0000000000850000

CodeCache: size=245760Kb used=1510Kb max_used=1521Kb free=244249Kb
 bounds [0x0000000002720000, 0x0000000002990000, 0x0000000011720000]
 total_blobs=435 nmethods=194 adapters=156
 compilation: enabled

Compilation events (10 events):
Event: 0.300 Thread 0x000000001bbae000 nmethod 196 0x0000000002891bd0 code [0x0000000002891d80, 0x0000000002892378]
Event: 0.301 Thread 0x000000001bbab000 nmethod 187 0x0000000002891310 code [0x0000000002891460, 0x0000000002891898]
Event: 0.301 Thread 0x000000001bbab000  189       4       java.util.regex.Pattern::<init> (90 bytes)
Event: 0.302 Thread 0x000000001bbae000  197       2       java.util.TimSort::gallopRight (335 bytes)
Event: 0.303 Thread 0x000000001bbab000 nmethod 189 0x0000000002890f90 code [0x00000000028910e0, 0x00000000028911e8]
Event: 0.303 Thread 0x000000001bbab000  191   !   4       java.util.regex.Pattern::matcher (44 bytes)
Event: 0.303 Thread 0x000000001bbae000 nmethod 197 0x000000000289b190 code [0x000000000289b340, 0x000000000289b938]
Event: 0.303 Thread 0x000000001bbae000  198       2       java.util.TimSort::gallopLeft (335 bytes)
Event: 0.304 Thread 0x000000001bbae000 nmethod 198 0x000000000289a550 code [0x000000000289a700, 0x000000000289acd8]
Event: 0.307 Thread 0x000000001bbab000 nmethod 191 0x0000000002898790 code [0x0000000002898900, 0x0000000002898d18]

GC Heap History (2 events):
Event: 0.279 GC heap before
{Heap before GC invocations=1 (full 0):
 PSYoungGen      total 28672K, used 24576K [0x000000076ab00000, 0x000000076cb00000, 0x00000007c0000000)
  eden space 24576K, 100% used [0x000000076ab00000,0x000000076c300000,0x000000076c300000)
  from space 4096K, 0% used [0x000000076c700000,0x000000076c700000,0x000000076cb00000)
  to   space 4096K, 0% used [0x000000076c300000,0x000000076c300000,0x000000076c700000)
 ParOldGen       total 65536K, used 0K [0x00000006c0000000, 0x00000006c4000000, 0x000000076ab00000)
  object space 65536K, 0% used [0x00000006c0000000,0x00000006c0000000,0x00000006c4000000)
 Metaspace       used 3426K, capacity 4720K, committed 4864K, reserved 1056768K
  class space    used 372K, capacity 424K, committed 512K, reserved 1048576K
Event: 0.287 GC heap after
Heap after GC invocations=1 (full 0):
 PSYoungGen      total 28672K, used 3476K [0x000000076ab00000, 0x000000076e300000, 0x00000007c0000000)
  eden space 24576K, 0% used [0x000000076ab00000,0x000000076ab00000,0x000000076c300000)
  from space 4096K, 84% used [0x000000076c300000,0x000000076c665198,0x000000076c700000)
  to   space 4096K, 0% used [0x000000076df00000,0x000000076df00000,0x000000076e300000)
 ParOldGen       total 65536K, used 8K [0x00000006c0000000, 0x00000006c4000000, 0x000000076ab00000)
  object space 65536K, 0% used [0x00000006c0000000,0x00000006c0002000,0x00000006c4000000)
 Metaspace       used 3426K, capacity 4720K, committed 4864K, reserved 1056768K
  class space    used 372K, capacity 424K, committed 512K, reserved 1048576K
}

Deoptimization events (2 events):
Event: 0.133 Thread 0x0000000002620800 Uncommon trap: reason=unstable_if action=reinterpret pc=0x0000000002846348 method=java.lang.String.replace(CC)Ljava/lang/String; @ 35
Event: 0.213 Thread 0x0000000002620800 Uncommon trap: reason=unstable_if action=reinterpret pc=0x000000000287fb58 method=java.util.zip.ZipFile.getZipEntry(Ljava/lang/String;J)Ljava/util/zip/ZipEntry; @ 19

Internal exceptions (2 events):
Event: 0.030 Thread 0x0000000002620800 Exception <a 'java/lang/NoSuchMethodError': Method sun.misc.Unsafe.defineClass(Ljava/lang/String;[BII)Ljava/lang/Class; name or signature does not match> (0x000000076ab07cc0) thrown at [C:\re\workspace\8-2-build-windows-amd64-cygwin\jdk8u101\7261\hotspot\s‹ÍœwŸ?
Event: 0.030 Thread 0x0000000002620800 Exception <a 'java/lang/NoSuchMethodError': Method sun.misc.Unsafe.prefetchRead(Ljava/lang/Object;J)V name or signature does not match> (0x000000076ab07fa8) thrown at [C:\re\workspace\8-2-build-windows-amd64-cygwin\jdk8u101\7261\hotspot\src\share\vm\prims\

Events (10 events):
Event: 0.294 Thread 0x0000000002620800 DEOPT PACKING pc=0x000000000284b1f6 sp=0x00000000025aec00
Event: 0.294 Thread 0x0000000002620800 DEOPT UNPACKING pc=0x00000000027671bf sp=0x00000000025ae900 mode 0
Event: 0.295 Thread 0x0000000002620800 DEOPT PACKING pc=0x000000000284b1f6 sp=0x00000000025aec00
Event: 0.295 Thread 0x0000000002620800 DEOPT UNPACKING pc=0x00000000027671bf sp=0x00000000025ae900 mode 0
Event: 0.295 Thread 0x0000000002620800 DEOPT PACKING pc=0x000000000284b1f6 sp=0x00000000025aec00
Event: 0.295 Thread 0x0000000002620800 DEOPT UNPACKING pc=0x00000000027671bf sp=0x00000000025ae900 mode 0
Event: 0.295 Thread 0x0000000002620800 DEOPT PACKING pc=0x000000000284b1f6 sp=0x00000000025aeb10
Event: 0.295 Thread 0x0000000002620800 DEOPT UNPACKING pc=0x00000000027671bf sp=0x00000000025ae810 mode 0
Event: 0.295 Thread 0x0000000002620800 DEOPT PACKING pc=0x000000000284b252 sp=0x00000000025aeae0
Event: 0.295 Thread 0x0000000002620800 DEOPT UNPACKING pc=0x00000000027671bf sp=0x00000000025ae7f0 mode 0


Dynamic libraries:
0x00007ff64fbf0000 - 0x00007ff64fc27000 	C:\Program Files\Java\jdk1.8.0_101\bin\java.exe
0x00007ff914210000 - 0x00007ff9143e1000 	C:\Windows\SYSTEM32\ntdll.dll
0x00007ff911c10000 - 0x00007ff911cbb000 	C:\Windows\System32\KERNEL32.DLL
0x00007ff910aa0000 - 0x00007ff910cbd000 	C:\Windows\System32\KERNELBASE.dll
0x00007ff911cc0000 - 0x00007ff911d62000 	C:\Windows\System32\ADVAPI32.dll
0x00007ff913e80000 - 0x00007ff913f1e000 	C:\Windows\System32\msvcrt.dll
0x00007ff9140f0000 - 0x00007ff914149000 	C:\Windows\System32\sechost.dll
0x00007ff9117e0000 - 0x00007ff911901000 	C:\Windows\System32\RPCRT4.dll
0x00007ff913f80000 - 0x00007ff9140e5000 	C:\Windows\System32\USER32.dll
0x00007ff910cc0000 - 0x00007ff910cde000 	C:\Windows\System32\win32u.dll
0x00007ff9117a0000 - 0x00007ff9117d4000 	C:\Windows\System32\GDI32.dll
0x00007ff9108a0000 - 0x00007ff910a22000 	C:\Windows\System32\gdi32full.dll
0x00007ff90ac70000 - 0x00007ff90aee9000 	C:\Windows\WinSxS\amd64_microsoft.windows.common-controls_6595b64144ccf1df_6.0.14393.0_none_2d0f50fcbdb171b8\COMCTL32.dll
0x00007ff913a40000 - 0x00007ff913d07000 	C:\Windows\System32\combase.dll
0x00007ff9107a0000 - 0x00007ff910895000 	C:\Windows\System32\ucrtbase.dll
0x00007ff910a30000 - 0x00007ff910a9a000 	C:\Windows\System32\bcryptPrimitives.dll
0x00007ff913420000 - 0x00007ff91344e000 	C:\Windows\System32\IMM32.DLL
0x000000006b0c0000 - 0x000000006b192000 	C:\Program Files\Java\jdk1.8.0_101\jre\bin\msvcr100.dll
0x000000006a820000 - 0x000000006b0ba000 	C:\Program Files\Java\jdk1.8.0_101\jre\bin\server\jvm.dll
0x00007ff913d10000 - 0x00007ff913d18000 	C:\Windows\System32\PSAPI.DLL
0x00007ff8f3040000 - 0x00007ff8f3049000 	C:\Windows\SYSTEM32\WSOCK32.dll
0x00007ff90ebd0000 - 0x00007ff90ebf3000 	C:\Windows\SYSTEM32\WINMM.dll
0x00007ff9133b0000 - 0x00007ff91341a000 	C:\Windows\System32\WS2_32.dll
0x00007ff90c270000 - 0x00007ff90c27a000 	C:\Windows\SYSTEM32\VERSION.dll
0x00007ff90eb70000 - 0x00007ff90eb9b000 	C:\Windows\SYSTEM32\WINMMBASE.dll
0x00007ff910f10000 - 0x00007ff910f52000 	C:\Windows\System32\cfgmgr32.dll
0x000000006a810000 - 0x000000006a81f000 	C:\Program Files\Java\jdk1.8.0_101\jre\bin\verify.dll
0x000000006a7e0000 - 0x000000006a809000 	C:\Program Files\Java\jdk1.8.0_101\jre\bin\java.dll
0x000000006a7c0000 - 0x000000006a7d6000 	C:\Program Files\Java\jdk1.8.0_101\jre\bin\zip.dll
0x00007ff911d70000 - 0x00007ff913278000 	C:\Windows\System32\SHELL32.dll
0x00007ff910f60000 - 0x00007ff91163a000 	C:\Windows\System32\windows.storage.dll
0x00007ff910730000 - 0x00007ff91077c000 	C:\Windows\System32\powrprof.dll
0x00007ff914150000 - 0x00007ff9141a2000 	C:\Windows\System32\shlwapi.dll
0x00007ff910790000 - 0x00007ff91079f000 	C:\Windows\System32\kernel.appcore.dll
0x00007ff9116f0000 - 0x00007ff911799000 	C:\Windows\System32\shcore.dll
0x00007ff910710000 - 0x00007ff910724000 	C:\Windows\System32\profapi.dll
0x00007ff902ed0000 - 0x00007ff903062000 	C:\Windows\SYSTEM32\dbghelp.dll

VM Arguments:
jvm_args: -Djava.awt.headless=true -Xmx4g -Dfile.encoding=windows-1252 -Duser.country=US -Duser.language=en -Duser.variant 
java_command: com.android.dx.command.Main --dex --num-threads=4 --multi-dex --main-dex-list C:\Users\carson\Desktop\POPS\app\build\intermediates\multi-dex\debug\maindexlist.txt --output C:\Users\carson\Desktop\POPS\app\build\intermediates\transforms\dex\debug\folders\1000\1f\main C:\Users\carson\Desktop\POPS\app\build\intermediates\transforms\jarMerging\debug\jars\1\1f\combined.jar
java_class_path (initial): C:\Users\carson\AppData\Local\Android\sdk\build-tools\24.0.2\lib\dx.jar
Launcher Type: SUN_STANDARD

Environment Variables:
PATH=C:\ProgramData\Oracle\Java\javapath;C:\Windows\system32;C:\Windows;C:\Windows\System32\Wbem;C:\Windows\System32\WindowsPowerShell\v1.0\;C:\Program Files (x86)\Brackets\command;C:\Windows\system32\config\systemprofile\.dnx\bin;C:\Program Files\Microsoft DNX\Dnvm\;C:\Program Files\Microsoft SQL Server\130\Tools\Binn\;C:\Program Files (x86)\Windows Kits\8.1\Windows Performance Toolkit\;C:\Users\carson\AppData\Local\scoop\apps\nodejs\6.3.1\nodejs;C:\Users\carson\AppData\Local\scoop\shims;C:\Users\carson\AppData\Local\Microsoft\WindowsApps;C:\Users\carson\AppData\Local\atom\bin
USERNAME=carson
OS=Windows_NT
PROCESSOR_IDENTIFIER=Intel64 Family 6 Model 15 Stepping 11, GenuineIntel



---------------  S Y S T E M  ---------------

OS: Windows 10.0 , 64 bit Build 14393 (10.0.14393.0)

CPU:total 2 (2 cores per cpu, 1 threads per core) family 6 model 15 stepping 11, cmov, cx8, fxsr, mmx, sse, sse2, sse3, ssse3, tsc

Memory: 4k page, physical 6289956k(1882036k free), swap 10925888k(3803616k free)

vm_info: Java HotSpot(TM) 64-Bit Server VM (25.101-b13) for windows-amd64 JRE (1.8.0_101-b13), built on Jun 22 2016 01:21:29 by "java_re" with MS VC++ 10.0 (VS2010)

time: Tue Sep 13 17:44:03 2016
elapsed time: 0 seconds (0d 0h 0m 0s)

