#
# A fatal error has been detected by the Java Runtime Environment:
#
#  EXCEPTION_ACCESS_VIOLATION (0xc0000005) at pc=0xffffffffa4115120, pid=6672, tid=0x0000000000000fc0
#
# JRE version: Java(TM) SE Runtime Environment (8.0_101-b13) (build 1.8.0_101-b13)
# Java VM: Java HotSpot(TM) 64-Bit Server VM (25.101-b13 mixed mode windows-amd64 compressed oops)
# Problematic frame:
# C  0xffffffffa4115120
#
# Failed to write core dump. Minidumps are not enabled by default on client versions of Windows
#
# If you would like to submit a bug report, please visit:
#   http://bugreport.java.com/bugreport/crash.jsp
#

---------------  T H R E A D  ---------------

Current thread (0x0000000003010800):  JavaThread "main" [_thread_in_Java, id=4032, stack(0x0000000002ec0000,0x0000000002fc0000)]

siginfo: ExceptionCode=0xc0000005, ExceptionInformation=0x0000000000000008 0xffffffffa4115120

Registers:
RAX=0x000000076c01ca38, RBX=0x000000076c01ca38, RCX=0x000000076c01cad8, RDX=0x000000076c01ca38
RSP=0x0000000002fbed28, RBP=0x0000000002fbef90, RSI=0x000000001bf08600, RDI=0x000000001bf08600
R8 =0x00000000fffffffe, R9 =0x0000000000000013, R10=0x00000000ed8afe56, R11=0x0000000000000036
R12=0x0000000000000000, R13=0x000000076c01c7b0, R14=0x000000000000000c, R15=0x0000000003010800
RIP=0xffffffffa4115120, EFLAGS=0x0000000000010206

Top of Stack: (sp=0x0000000002fbed28)
0x0000000002fbed28:   000000000328036c 000000076bff4af0
0x0000000002fbed38:   000000076c57c2b8 000000076c301400
0x0000000002fbed48:   000000076bff4f10 0000000002fbf008
0x0000000002fbed58:   000000000327b9c4 000000076c01c148
0x0000000002fbed68:   ed8038540000000b 0000000002fbef90
0x0000000002fbed78:   000000000327b9c4 000000076c01c618
0x0000000002fbed88:   ed8038ee0000000b 00000000ed8aa597
0x0000000002fbed98:   0000000000000030 000000076c01ca38
0x0000000002fbeda8:   000000076c3013b8 000000000000000c
0x0000000002fbedb8:   000000076c01ca38 0000000002fbf008
0x0000000002fbedc8:   0000000003285a94 0000000002fbee58
0x0000000002fbedd8:   000000000311809d 0000000002fbef90
0x0000000002fbede8:   000000000328563c 0000000002fbef20
0x0000000002fbedf8:   000000000328ba24 000000076c586788
0x0000000002fbee08:   0000000000000d91 000000076c308000
0x0000000002fbee18:   0000000002fbee18 000000001bef1ccf 

Instructions: (pc=0xffffffffa4115120)
0xffffffffa4115100:   
[error occurred during error reporting (printing registers, top of stack, instructions near pc), id 0xc0000005]

Register to memory mapping:

RAX=0x000000076c01ca38 is an oop
java.util.regex.Matcher 
 - klass: 'java/util/regex/Matcher'
RBX=0x000000076c01ca38 is an oop
java.util.regex.Matcher 
 - klass: 'java/util/regex/Matcher'
RCX=0x000000076c01cad8 is an oop
[I 
 - klass: {type array int}
 - length: 0
RDX=0x000000076c01ca38 is an oop
java.util.regex.Matcher 
 - klass: 'java/util/regex/Matcher'
RSP=0x0000000002fbed28 is pointing into the stack for thread: 0x0000000003010800
RBP=0x0000000002fbef90 is pointing into the stack for thread: 0x0000000003010800
RSI=0x000000001bf08600 is pointing into metadata
RDI=0x000000001bf08600 is pointing into metadata
R8 =0x00000000fffffffe is an unknown value
R9 =0x0000000000000013 is an unknown value
R10=0x00000000ed8afe56 is an unknown value
R11=0x0000000000000036 is an unknown value
R12=0x0000000000000000 is an unknown value
R13=0x000000076c01c7b0 is an oop
java.util.regex.Pattern$Slice 
 - klass: 'java/util/regex/Pattern$Slice'
R14=0x000000000000000c is an unknown value
R15=0x0000000003010800 is a thread


Stack: [0x0000000002ec0000,0x0000000002fc0000],  sp=0x0000000002fbed28,  free space=1019k
Native frames: (J=compiled Java code, j=interpreted, Vv=VM code, C=native code)
C  0xffffffffa4115120


---------------  P R O C E S S  ---------------

Java Threads: ( => current thread )
  0x000000001c61c800 JavaThread "Service Thread" daemon [_thread_blocked, id=9188, stack(0x000000001d7d0000,0x000000001d8d0000)]
  0x000000001c59c800 JavaThread "C1 CompilerThread1" daemon [_thread_blocked, id=9784, stack(0x000000001d6d0000,0x000000001d7d0000)]
  0x000000001c599800 JavaThread "C2 CompilerThread0" daemon [_thread_in_native, id=4912, stack(0x000000001d5d0000,0x000000001d6d0000)]
  0x000000001c597800 JavaThread "Attach Listener" daemon [_thread_blocked, id=2148, stack(0x000000001d4d0000,0x000000001d5d0000)]
  0x000000001c594800 JavaThread "Signal Dispatcher" daemon [_thread_blocked, id=10708, stack(0x000000001d3d0000,0x000000001d4d0000)]
  0x000000001c588800 JavaThread "Finalizer" daemon [_thread_blocked, id=516, stack(0x000000001d1e0000,0x000000001d2e0000)]
  0x00000000030fb800 JavaThread "Reference Handler" daemon [_thread_blocked, id=3888, stack(0x000000001d0e0000,0x000000001d1e0000)]
=>0x0000000003010800 JavaThread "main" [_thread_in_Java, id=4032, stack(0x0000000002ec0000,0x0000000002fc0000)]

Other Threads:
  0x000000001c566000 VMThread [stack: 0x000000001cfe0000,0x000000001d0e0000] [id=11188]
  0x000000001c620800 WatcherThread [stack: 0x000000001d8d0000,0x000000001d9d0000] [id=6892]

VM state:not at safepoint (normal execution)

VM Mutex/Monitor currently owned by a thread: None

Heap:
 PSYoungGen      total 28672K, used 25143K [0x000000076ab00000, 0x000000076e300000, 0x00000007c0000000)
  eden space 24576K, 88% used [0x000000076ab00000,0x000000076c020ca8,0x000000076c300000)
  from space 4096K, 85% used [0x000000076c300000,0x000000076c66d198,0x000000076c700000)
  to   space 4096K, 0% used [0x000000076df00000,0x000000076df00000,0x000000076e300000)
 ParOldGen       total 65536K, used 8K [0x00000006c0000000, 0x00000006c4000000, 0x000000076ab00000)
  object space 65536K, 0% used [0x00000006c0000000,0x00000006c0002000,0x00000006c4000000)
 Metaspace       used 3431K, capacity 4720K, committed 4864K, reserved 1056768K
  class space    used 372K, capacity 424K, committed 512K, reserved 1048576K

Card table byte_map: [0x00000000124d0000,0x0000000012ce0000] byte_map_base: 0x000000000eed0000

Marking Bits: (ParMarkBitMap*) 0x000000006b03a6d0
 Begin Bits: [0x0000000013440000, 0x0000000017440000)
 End Bits:   [0x0000000017440000, 0x000000001b440000)

Polling page: 0x0000000001350000

CodeCache: size=245760Kb used=1522Kb max_used=1534Kb free=244237Kb
 bounds [0x0000000003110000, 0x0000000003380000, 0x0000000012110000]
 total_blobs=436 nmethods=195 adapters=156
 compilation: enabled

Compilation events (10 events):
Event: 0.262 Thread 0x000000001c59c800  197       2       java.util.TimSort::gallopLeft (335 bytes)
Event: 0.262 Thread 0x000000001c59c800 nmethod 197 0x000000000328a890 code [0x000000000328aa40, 0x000000000328b018]
Event: 0.264 Thread 0x000000001c599800 nmethod 188 0x0000000003288ad0 code [0x0000000003288c20, 0x0000000003289058]
Event: 0.264 Thread 0x000000001c599800  187       4       java.lang.String::compareTo (78 bytes)
Event: 0.267 Thread 0x000000001c599800 nmethod 187 0x0000000003283990 code [0x0000000003283ae0, 0x0000000003283cb8]
Event: 0.267 Thread 0x000000001c599800  189       4       java.util.regex.Pattern::<init> (90 bytes)
Event: 0.268 Thread 0x000000001c599800 nmethod 189 0x0000000003288750 code [0x00000000032888a0, 0x00000000032889a8]
Event: 0.268 Thread 0x000000001c599800  194       4       java.util.regex.Matcher::find (69 bytes)
Event: 0.275 Thread 0x000000001c599800 nmethod 194 0x000000000328e690 code [0x000000000328e800, 0x000000000328ed78]
Event: 0.275 Thread 0x000000001c599800  190   !   4       java.util.regex.Pattern::matcher (44 bytes)

GC Heap History (2 events):
Event: 0.238 GC heap before
{Heap before GC invocations=1 (full 0):
 PSYoungGen      total 28672K, used 24576K [0x000000076ab00000, 0x000000076cb00000, 0x00000007c0000000)
  eden space 24576K, 100% used [0x000000076ab00000,0x000000076c300000,0x000000076c300000)
  from space 4096K, 0% used [0x000000076c700000,0x000000076c700000,0x000000076cb00000)
  to   space 4096K, 0% used [0x000000076c300000,0x000000076c300000,0x000000076c700000)
 ParOldGen       total 65536K, used 0K [0x00000006c0000000, 0x00000006c4000000, 0x000000076ab00000)
  object space 65536K, 0% used [0x00000006c0000000,0x00000006c0000000,0x00000006c4000000)
 Metaspace       used 3427K, capacity 4720K, committed 4864K, reserved 1056768K
  class space    used 372K, capacity 424K, committed 512K, reserved 1048576K
Event: 0.244 GC heap after
Heap after GC invocations=1 (full 0):
 PSYoungGen      total 28672K, used 3508K [0x000000076ab00000, 0x000000076e300000, 0x00000007c0000000)
  eden space 24576K, 0% used [0x000000076ab00000,0x000000076ab00000,0x000000076c300000)
  from space 4096K, 85% used [0x000000076c300000,0x000000076c66d198,0x000000076c700000)
  to   space 4096K, 0% used [0x000000076df00000,0x000000076df00000,0x000000076e300000)
 ParOldGen       total 65536K, used 8K [0x00000006c0000000, 0x00000006c4000000, 0x000000076ab00000)
  object space 65536K, 0% used [0x00000006c0000000,0x00000006c0002000,0x00000006c4000000)
 Metaspace       used 3427K, capacity 4720K, committed 4864K, reserved 1056768K
  class space    used 372K, capacity 424K, committed 512K, reserved 1048576K
}

Deoptimization events (2 events):
Event: 0.115 Thread 0x0000000003010800 Uncommon trap: reason=unstable_if action=reinterpret pc=0x00000000032316c8 method=java.lang.String.replace(CC)Ljava/lang/String; @ 35
Event: 0.184 Thread 0x0000000003010800 Uncommon trap: reason=unstable_if action=reinterpret pc=0x0000000003270f58 method=java.util.zip.ZipFile.getZipEntry(Ljava/lang/String;J)Ljava/util/zip/ZipEntry; @ 19

Internal exceptions (2 events):
Event: 0.028 Thread 0x0000000003010800 Exception <a 'java/lang/NoSuchMethodError': Method sun.misc.Unsafe.defineClass(Ljava/lang/String;[BII)Ljava/lang/Class; name or signature does not match> (0x000000076ab07cc0) thrown at [C:\re\workspace\8-2-build-windows-amd64-cygwin\jdk8u101\7261\hotspot\sﬂâe~&ù?
Event: 0.028 Thread 0x0000000003010800 Exception <a 'java/lang/NoSuchMethodError': Method sun.misc.Unsafe.prefetchRead(Ljava/lang/Object;J)V name or signature does not match> (0x000000076ab07fa8) thrown at [C:\re\workspace\8-2-build-windows-amd64-cygwin\jdk8u101\7261\hotspot\src\share\vm\prims\

Events (10 events):
Event: 0.185 loading class java/util/regex/Pattern$BnM
Event: 0.185 loading class java/util/regex/Pattern$BnM done
Event: 0.185 loading class java/util/regex/Pattern$SliceS
Event: 0.185 loading class java/util/regex/Pattern$SliceS done
Event: 0.185 loading class java/util/regex/Matcher
Event: 0.185 loading class java/util/regex/MatchResult
Event: 0.185 loading class java/util/regex/MatchResult done
Event: 0.185 loading class java/util/regex/Matcher done
Event: 0.238 Executing VM operation: ParallelGCFailedAllocation
Event: 0.244 Executing VM operation: ParallelGCFailedAllocation done


Dynamic libraries:
0x00007ff64fbf0000 - 0x00007ff64fc27000 	C:\Program Files\Java\jdk1.8.0_101\bin\java.exe
0x00007ff914210000 - 0x00007ff9143e1000 	C:\Windows\SYSTEM32\ntdll.dll
0x00007ff911c10000 - 0x00007ff911cbb000 	C:\Windows\System32\KERNEL32.DLL
0x00007ff910aa0000 - 0x00007ff910cbd000 	C:\Windows\System32\KERNELBASE.dll
0x00007ff911cc0000 - 0x00007ff911d62000 	C:\Windows\System32\ADVAPI32.dll
0x00007ff913e80000 - 0x00007ff913f1e000 	C:\Windows\System32\msvcrt.dll
0x00007ff9140f0000 - 0x00007ff914149000 	C:\Windows\System32\sechost.dll
0x00007ff9117e0000 - 0x00007ff911901000 	C:\Windows\System32\RPCRT4.dll
0x00007ff913f80000 - 0x00007ff9140e5000 	C:\Windows\System32\USER32.dll
0x00007ff910cc0000 - 0x00007ff910cde000 	C:\Windows\System32\win32u.dll
0x00007ff9117a0000 - 0x00007ff9117d4000 	C:\Windows\System32\GDI32.dll
0x00007ff9108a0000 - 0x00007ff910a22000 	C:\Windows\System32\gdi32full.dll
0x00007ff90ac70000 - 0x00007ff90aee9000 	C:\Windows\WinSxS\amd64_microsoft.windows.common-controls_6595b64144ccf1df_6.0.14393.0_none_2d0f50fcbdb171b8\COMCTL32.dll
0x00007ff913a40000 - 0x00007ff913d07000 	C:\Windows\System32\combase.dll
0x00007ff9107a0000 - 0x00007ff910895000 	C:\Windows\System32\ucrtbase.dll
0x00007ff910a30000 - 0x00007ff910a9a000 	C:\Windows\System32\bcryptPrimitives.dll
0x00007ff913420000 - 0x00007ff91344e000 	C:\Windows\System32\IMM32.DLL
0x000000006b0c0000 - 0x000000006b192000 	C:\Program Files\Java\jdk1.8.0_101\jre\bin\msvcr100.dll
0x000000006a820000 - 0x000000006b0ba000 	C:\Program Files\Java\jdk1.8.0_101\jre\bin\server\jvm.dll
0x00007ff913d10000 - 0x00007ff913d18000 	C:\Windows\System32\PSAPI.DLL
0x00007ff8f3040000 - 0x00007ff8f3049000 	C:\Windows\SYSTEM32\WSOCK32.dll
0x00007ff9133b0000 - 0x00007ff91341a000 	C:\Windows\System32\WS2_32.dll
0x00007ff90ebd0000 - 0x00007ff90ebf3000 	C:\Windows\SYSTEM32\WINMM.dll
0x00007ff90c270000 - 0x00007ff90c27a000 	C:\Windows\SYSTEM32\VERSION.dll
0x00007ff90eb70000 - 0x00007ff90eb9b000 	C:\Windows\SYSTEM32\WINMMBASE.dll
0x00007ff910f10000 - 0x00007ff910f52000 	C:\Windows\System32\cfgmgr32.dll
0x000000006a810000 - 0x000000006a81f000 	C:\Program Files\Java\jdk1.8.0_101\jre\bin\verify.dll
0x000000006a7e0000 - 0x000000006a809000 	C:\Program Files\Java\jdk1.8.0_101\jre\bin\java.dll
0x000000006a7c0000 - 0x000000006a7d6000 	C:\Program Files\Java\jdk1.8.0_101\jre\bin\zip.dll
0x00007ff911d70000 - 0x00007ff913278000 	C:\Windows\System32\SHELL32.dll
0x00007ff910f60000 - 0x00007ff91163a000 	C:\Windows\System32\windows.storage.dll
0x00007ff910730000 - 0x00007ff91077c000 	C:\Windows\System32\powrprof.dll
0x00007ff914150000 - 0x00007ff9141a2000 	C:\Windows\System32\shlwapi.dll
0x00007ff910790000 - 0x00007ff91079f000 	C:\Windows\System32\kernel.appcore.dll
0x00007ff9116f0000 - 0x00007ff911799000 	C:\Windows\System32\shcore.dll
0x00007ff910710000 - 0x00007ff910724000 	C:\Windows\System32\profapi.dll
0x00007ff902ed0000 - 0x00007ff903062000 	C:\Windows\SYSTEM32\dbghelp.dll

VM Arguments:
jvm_args: -Djava.awt.headless=true -Xmx4g -Dfile.encoding=windows-1252 -Duser.country=US -Duser.language=en -Duser.variant 
java_command: com.android.dx.command.Main --dex --num-threads=4 --multi-dex --main-dex-list C:\Users\carson\Desktop\POPS\app\build\intermediates\multi-dex\debug\maindexlist.txt --output C:\Users\carson\Desktop\POPS\app\build\intermediates\transforms\dex\debug\folders\1000\1f\main C:\Users\carson\Desktop\POPS\app\build\intermediates\transforms\jarMerging\debug\jars\1\1f\combined.jar
java_class_path (initial): C:\Users\carson\AppData\Local\Android\sdk\build-tools\24.0.2\lib\dx.jar
Launcher Type: SUN_STANDARD

Environment Variables:
PATH=C:\ProgramData\Oracle\Java\javapath;C:\Windows\system32;C:\Windows;C:\Windows\System32\Wbem;C:\Windows\System32\WindowsPowerShell\v1.0\;C:\Program Files (x86)\Brackets\command;C:\Windows\system32\config\systemprofile\.dnx\bin;C:\Program Files\Microsoft DNX\Dnvm\;C:\Program Files\Microsoft SQL Server\130\Tools\Binn\;C:\Program Files (x86)\Windows Kits\8.1\Windows Performance Toolkit\;C:\Users\carson\AppData\Local\scoop\apps\nodejs\6.3.1\nodejs;C:\Users\carson\AppData\Local\scoop\shims;C:\Users\carson\AppData\Local\Microsoft\WindowsApps;C:\Users\carson\AppData\Local\atom\bin
USERNAME=carson
OS=Windows_NT
PROCESSOR_IDENTIFIER=Intel64 Family 6 Model 15 Stepping 11, GenuineIntel



---------------  S Y S T E M  ---------------

OS: Windows 10.0 , 64 bit Build 14393 (10.0.14393.0)

CPU:total 2 (2 cores per cpu, 1 threads per core) family 6 model 15 stepping 11, cmov, cx8, fxsr, mmx, sse, sse2, sse3, ssse3, tsc

Memory: 4k page, physical 6289956k(2621168k free), swap 9760352k(2915444k free)

vm_info: Java HotSpot(TM) 64-Bit Server VM (25.101-b13) for windows-amd64 JRE (1.8.0_101-b13), built on Jun 22 2016 01:21:29 by "java_re" with MS VC++ 10.0 (VS2010)

time: Tue Sep 13 05:06:15 2016
elapsed time: 0 seconds (0d 0h 0m 0s)

