#
# A fatal error has been detected by the Java Runtime Environment:
#
#  EXCEPTION_ACCESS_VIOLATION (0xc0000005) at pc=0xffffffffa36f5120, pid=3256, tid=0x00000000000027d8
#
# JRE version: Java(TM) SE Runtime Environment (8.0_101-b13) (build 1.8.0_101-b13)
# Java VM: Java HotSpot(TM) 64-Bit Server VM (25.101-b13 mixed mode windows-amd64 compressed oops)
# Problematic frame:
# C  0xffffffffa36f5120
#
# Failed to write core dump. Minidumps are not enabled by default on client versions of Windows
#
# If you would like to submit a bug report, please visit:
#   http://bugreport.java.com/bugreport/crash.jsp
#

---------------  T H R E A D  ---------------

Current thread (0x000000001d30c800):  JavaThread "pool-2-thread-4" [_thread_in_Java, id=10200, stack(0x000000001dfb0000,0x000000001e0b0000)]

siginfo: ExceptionCode=0xc0000005, ExceptionInformation=0x0000000000000008 0xffffffffa36f5120

Registers:
RAX=0x0000000000000001, RBX=0x000000076cc622d0, RCX=0x000000000000002f, RDX=0x000000076cc63760
RSP=0x000000001e0aeab8, RBP=0x000000001e0aec88, RSI=0x000000076cc63760, RDI=0x00000000ed98c6f4
R8 =0x000000076cc64780, R9 =0x000000000000007f, R10=0x0000000003b6631c, R11=0x000000000e4b0000
R12=0x0000000000000000, R13=0x000000001e0aec30, R14=0x000000001e0aecc8, R15=0x000000001d30c800
RIP=0xffffffffa36f5120, EFLAGS=0x0000000000010202

Top of Stack: (sp=0x000000001e0aeab8)
0x000000001e0aeab8:   0000000002a4c9bc 0000000000000000
0x000000001e0aeac8:   0000000000000000 0000000000000027
0x000000001e0aead8:   000000076cc643c8 0000000000000000
0x000000001e0aeae8:   0000000000000000 0000000000000037
0x000000001e0aeaf8:   000000000282cd99 000000001b6daef0
0x000000001e0aeb08:   000000076cc607a8 0000000000001acf
0x000000001e0aeb18:   00000007c007af08 000000001e0aed10
0x000000001e0aeb28:   00000000029f0acc 000000001d30c800
0x000000001e0aeb38:   000000001e0aed28 000000001b84b0f0
0x000000001e0aeb48:   0000000000000000 000000076cc63760
0x000000001e0aeb58:   000000076cc632f8 000000076cc62bb8
0x000000001e0aeb68:   000000076cc60bb8 0000000000000032
0x000000001e0aeb78:   000000076cc62878 000000076cc64780
0x000000001e0aeb88:   000000076cc63748 000000076cc63760
0x000000001e0aeb98:   000000076cc63ae0 0000001200000001
0x000000001e0aeba8:   000000076cc60a68 000000076cc63760 

Instructions: (pc=0xffffffffa36f5120)
0xffffffffa36f5100:   
[error occurred during error reporting (printing registers, top of stack, instructions near pc), id 0xc0000005]

Register to memory mapping:

RAX=0x0000000000000001 is an unknown value
RBX=0x000000076cc622d0 is an oop
com.android.dx.rop.code.LocalVariableInfo 
 - klass: 'com/android/dx/rop/code/LocalVariableInfo'
RCX=0x000000000000002f is an unknown value
RDX=0x000000076cc63760 is an oop
com.android.dx.dex.code.OutputFinisher 
 - klass: 'com/android/dx/dex/code/OutputFinisher'
RSP=0x000000001e0aeab8 is pointing into the stack for thread: 0x000000001d30c800
RBP=0x000000001e0aec88 is pointing into the stack for thread: 0x000000001d30c800
RSI=0x000000076cc63760 is an oop
com.android.dx.dex.code.OutputFinisher 
 - klass: 'com/android/dx/dex/code/OutputFinisher'
RDI=0x00000000ed98c6f4 is an unknown value
R8 =0x000000076cc64780 is an oop
com.android.dx.dex.code.LocalSnapshot 
 - klass: 'com/android/dx/dex/code/LocalSnapshot'
R9 =0x000000000000007f is an unknown value
R10=0x0000000003b6631c is an unknown value
R11=0x000000000e4b0000 is an unknown value
R12=0x0000000000000000 is an unknown value
R13=0x000000001e0aec30 is pointing into the stack for thread: 0x000000001d30c800
R14=0x000000001e0aecc8 is pointing into the stack for thread: 0x000000001d30c800
R15=0x000000001d30c800 is a thread


Stack: [0x000000001dfb0000,0x000000001e0b0000],  sp=0x000000001e0aeab8,  free space=1018k
Native frames: (J=compiled Java code, j=interpreted, Vv=VM code, C=native code)
C  0xffffffffa36f5120


---------------  P R O C E S S  ---------------

Java Threads: ( => current thread )
=>0x000000001d30c800 JavaThread "pool-2-thread-4" [_thread_in_Java, id=10200, stack(0x000000001dfb0000,0x000000001e0b0000)]
  0x000000001d30c000 JavaThread "pool-2-thread-3" [_thread_in_Java, id=7016, stack(0x000000001deb0000,0x000000001dfb0000)]
  0x000000001d2fd000 JavaThread "pool-2-thread-2" [_thread_in_Java, id=6900, stack(0x000000001ddb0000,0x000000001deb0000)]
  0x000000001d2fc800 JavaThread "pool-3-thread-1" [_thread_blocked, id=9760, stack(0x000000001dcb0000,0x000000001ddb0000)]
  0x000000001d30b000 JavaThread "pool-2-thread-1" [_thread_in_Java, id=5792, stack(0x000000001dbb0000,0x000000001dcb0000)]
  0x000000001bbfc000 JavaThread "Service Thread" daemon [_thread_blocked, id=8292, stack(0x000000001cdb0000,0x000000001ceb0000)]
  0x000000001bb7d000 JavaThread "C1 CompilerThread1" daemon [_thread_blocked, id=5484, stack(0x000000001ccb0000,0x000000001cdb0000)]
  0x000000001bb7a000 JavaThread "C2 CompilerThread0" daemon [_thread_in_native, id=8740, stack(0x000000001cbb0000,0x000000001ccb0000)]
  0x000000001bb77800 JavaThread "Attach Listener" daemon [_thread_blocked, id=1668, stack(0x000000001cab0000,0x000000001cbb0000)]
  0x000000001bb74800 JavaThread "Signal Dispatcher" daemon [_thread_blocked, id=9012, stack(0x000000001c9b0000,0x000000001cab0000)]
  0x000000001bb68800 JavaThread "Finalizer" daemon [_thread_blocked, id=5632, stack(0x000000001c7c0000,0x000000001c8c0000)]
  0x00000000026db800 JavaThread "Reference Handler" daemon [_thread_blocked, id=8468, stack(0x000000001c6c0000,0x000000001c7c0000)]
  0x00000000025f0800 JavaThread "main" [_thread_in_Java, id=7336, stack(0x0000000002430000,0x0000000002530000)]

Other Threads:
  0x000000001bb46000 VMThread [stack: 0x000000001c5c0000,0x000000001c6c0000] [id=2956]
  0x000000001bc00800 WatcherThread [stack: 0x000000001ceb0000,0x000000001cfb0000] [id=5920]

VM state:not at safepoint (normal execution)

VM Mutex/Monitor currently owned by a thread: None

Heap:
 PSYoungGen      total 102400K, used 39310K [0x000000076ab00000, 0x0000000771300000, 0x00000007c0000000)
  eden space 98304K, 36% used [0x000000076ab00000,0x000000076ce19cc8,0x0000000770b00000)
  from space 4096K, 82% used [0x0000000770f00000,0x0000000771249bb8,0x0000000771300000)
  to   space 4096K, 0% used [0x0000000770b00000,0x0000000770b00000,0x0000000770f00000)
 ParOldGen       total 65536K, used 8K [0x00000006c0000000, 0x00000006c4000000, 0x000000076ab00000)
  object space 65536K, 0% used [0x00000006c0000000,0x00000006c0002000,0x00000006c4000000)
 Metaspace       used 6100K, capacity 6960K, committed 7040K, reserved 1056768K
  class space    used 603K, capacity 616K, committed 640K, reserved 1048576K

Card table byte_map: [0x0000000011ab0000,0x00000000122c0000] byte_map_base: 0x000000000e4b0000

Marking Bits: (ParMarkBitMap*) 0x000000006228a6d0
 Begin Bits: [0x0000000012a20000, 0x0000000016a20000)
 End Bits:   [0x0000000016a20000, 0x000000001aa20000)

Polling page: 0x00000000005f0000

CodeCache: size=245760Kb used=5323Kb max_used=5323Kb free=240436Kb
 bounds [0x00000000026f0000, 0x0000000002c30000, 0x00000000116f0000]
 total_blobs=1587 nmethods=1318 adapters=182
 compilation: enabled

Compilation events (10 events):
Event: 1.168 Thread 0x000000001bb7d000 nmethod 1309 0x0000000002c12f90 code [0x0000000002c13180, 0x0000000002c13d88]
Event: 1.171 Thread 0x000000001bb7a000 nmethod 1305 0x0000000002c1c110 code [0x0000000002c1c2a0, 0x0000000002c1c7f8]
Event: 1.171 Thread 0x000000001bb7d000 1310       1       com.android.dx.ssa.PhiInsn::getOpcode (2 bytes)
Event: 1.171 Thread 0x000000001bb7a000 1307       4       com.android.dx.dex.code.OutputFinisher::updateInfo (44 bytes)
Event: 1.171 Thread 0x000000001bb7d000 nmethod 1310 0x0000000002c07fd0 code [0x0000000002c08120, 0x0000000002c08230]
Event: 1.172 Thread 0x000000001bb7d000 1311       1       com.android.dx.rop.code.PlainInsn::getCatches (4 bytes)
Event: 1.172 Thread 0x000000001bb7d000 nmethod 1311 0x0000000002c07c90 code [0x0000000002c07de0, 0x0000000002c07ef0]
Event: 1.172 Thread 0x000000001bb7d000 1312       3       com.android.dx.dex.code.RopTranslator::pickOrder (400 bytes)
Event: 1.173 Thread 0x000000001bb7d000 nmethod 1312 0x0000000002c1cd90 code [0x0000000002c1d0c0, 0x0000000002c1f218]
Event: 1.175 Thread 0x000000001bb7a000 nmethod 1307 0x0000000002c12950 code [0x0000000002c12aa0, 0x0000000002c12d28]

GC Heap History (8 events):
Event: 0.221 GC heap before
{Heap before GC invocations=1 (full 0):
 PSYoungGen      total 28672K, used 24576K [0x000000076ab00000, 0x000000076cb00000, 0x00000007c0000000)
  eden space 24576K, 100% used [0x000000076ab00000,0x000000076c300000,0x000000076c300000)
  from space 4096K, 0% used [0x000000076c700000,0x000000076c700000,0x000000076cb00000)
  to   space 4096K, 0% used [0x000000076c300000,0x000000076c300000,0x000000076c700000)
 ParOldGen       total 65536K, used 0K [0x00000006c0000000, 0x00000006c4000000, 0x000000076ab00000)
  object space 65536K, 0% used [0x00000006c0000000,0x00000006c0000000,0x00000006c4000000)
 Metaspace       used 3427K, capacity 4720K, committed 4864K, reserved 1056768K
  class space    used 373K, capacity 424K, committed 512K, reserved 1048576K
Event: 0.227 GC heap after
Heap after GC invocations=1 (full 0):
 PSYoungGen      total 28672K, used 3589K [0x000000076ab00000, 0x000000076e300000, 0x00000007c0000000)
  eden space 24576K, 0% used [0x000000076ab00000,0x000000076ab00000,0x000000076c300000)
  from space 4096K, 87% used [0x000000076c300000,0x000000076c681560,0x000000076c700000)
  to   space 4096K, 0% used [0x000000076df00000,0x000000076df00000,0x000000076e300000)
 ParOldGen       total 65536K, used 8K [0x00000006c0000000, 0x00000006c4000000, 0x000000076ab00000)
  object space 65536K, 0% used [0x00000006c0000000,0x00000006c0002000,0x00000006c4000000)
 Metaspace       used 3427K, capacity 4720K, committed 4864K, reserved 1056768K
  class space    used 373K, capacity 424K, committed 512K, reserved 1048576K
}
Event: 0.253 GC heap before
{Heap before GC invocations=2 (full 0):
 PSYoungGen      total 28672K, used 28165K [0x000000076ab00000, 0x000000076e300000, 0x00000007c0000000)
  eden space 24576K, 100% used [0x000000076ab00000,0x000000076c300000,0x000000076c300000)
  from space 4096K, 87% used [0x000000076c300000,0x000000076c681560,0x000000076c700000)
  to   space 4096K, 0% used [0x000000076df00000,0x000000076df00000,0x000000076e300000)
 ParOldGen       total 65536K, used 8K [0x00000006c0000000, 0x00000006c4000000, 0x000000076ab00000)
  object space 65536K, 0% used [0x00000006c0000000,0x00000006c0002000,0x00000006c4000000)
 Metaspace       used 3431K, capacity 4720K, committed 4864K, reserved 1056768K
  class space    used 373K, capacity 424K, committed 512K, reserved 1048576K
Event: 0.259 GC heap after
Heap after GC invocations=2 (full 0):
 PSYoungGen      total 53248K, used 3350K [0x000000076ab00000, 0x000000076e300000, 0x00000007c0000000)
  eden space 49152K, 0% used [0x000000076ab00000,0x000000076ab00000,0x000000076db00000)
  from space 4096K, 81% used [0x000000076df00000,0x000000076e245bc8,0x000000076e300000)
  to   space 4096K, 0% used [0x000000076db00000,0x000000076db00000,0x000000076df00000)
 ParOldGen       total 65536K, used 8K [0x00000006c0000000, 0x00000006c4000000, 0x000000076ab00000)
  object space 65536K, 0% used [0x00000006c0000000,0x00000006c0002000,0x00000006c4000000)
 Metaspace       used 3431K, capacity 4720K, committed 4864K, reserved 1056768K
  class space    used 373K, capacity 424K, committed 512K, reserved 1048576K
}
Event: 0.301 GC heap before
{Heap before GC invocations=3 (full 0):
 PSYoungGen      total 53248K, used 52502K [0x000000076ab00000, 0x000000076e300000, 0x00000007c0000000)
  eden space 49152K, 100% used [0x000000076ab00000,0x000000076db00000,0x000000076db00000)
  from space 4096K, 81% used [0x000000076df00000,0x000000076e245bc8,0x000000076e300000)
  to   space 4096K, 0% used [0x000000076db00000,0x000000076db00000,0x000000076df00000)
 ParOldGen       total 65536K, used 8K [0x00000006c0000000, 0x00000006c4000000, 0x000000076ab00000)
  object space 65536K, 0% used [0x00000006c0000000,0x00000006c0002000,0x00000006c4000000)
 Metaspace       used 3435K, capacity 4720K, committed 4864K, reserved 1056768K
  class space    used 373K, capacity 424K, committed 512K, reserved 1048576K
Event: 0.322 GC heap after
Heap after GC invocations=3 (full 0):
 PSYoungGen      total 53248K, used 3366K [0x000000076ab00000, 0x0000000771300000, 0x00000007c0000000)
  eden space 49152K, 0% used [0x000000076ab00000,0x000000076ab00000,0x000000076db00000)
  from space 4096K, 82% used [0x000000076db00000,0x000000076de49bb8,0x000000076df00000)
  to   space 4096K, 0% used [0x0000000770f00000,0x0000000770f00000,0x0000000771300000)
 ParOldGen       total 65536K, used 8K [0x00000006c0000000, 0x00000006c4000000, 0x000000076ab00000)
  object space 65536K, 0% used [0x00000006c0000000,0x00000006c0002000,0x00000006c4000000)
 Metaspace       used 3435K, capacity 4720K, committed 4864K, reserved 1056768K
  class space    used 373K, capacity 424K, committed 512K, reserved 1048576K
}
Event: 0.366 GC heap before
{Heap before GC invocations=4 (full 0):
 PSYoungGen      total 53248K, used 52518K [0x000000076ab00000, 0x0000000771300000, 0x00000007c0000000)
  eden space 49152K, 100% used [0x000000076ab00000,0x000000076db00000,0x000000076db00000)
  from space 4096K, 82% used [0x000000076db00000,0x000000076de49bb8,0x000000076df00000)
  to   space 4096K, 0% used [0x0000000770f00000,0x0000000770f00000,0x0000000771300000)
 ParOldGen       total 65536K, used 8K [0x00000006c0000000, 0x00000006c4000000, 0x000000076ab00000)
  object space 65536K, 0% used [0x00000006c0000000,0x00000006c0002000,0x00000006c4000000)
 Metaspace       used 3440K, capacity 4720K, committed 4864K, reserved 1056768K
  class space    used 373K, capacity 424K, committed 512K, reserved 1048576K
Event: 0.373 GC heap after
Heap after GC invocations=4 (full 0):
 PSYoungGen      total 102400K, used 3366K [0x000000076ab00000, 0x0000000771300000, 0x00000007c0000000)
  eden space 98304K, 0% used [0x000000076ab00000,0x000000076ab00000,0x0000000770b00000)
  from space 4096K, 82% used [0x0000000770f00000,0x0000000771249bb8,0x0000000771300000)
  to   space 4096K, 0% used [0x0000000770b00000,0x0000000770b00000,0x0000000770f00000)
 ParOldGen       total 65536K, used 8K [0x00000006c0000000, 0x00000006c4000000, 0x000000076ab00000)
  object space 65536K, 0% used [0x00000006c0000000,0x00000006c0002000,0x00000006c4000000)
 Metaspace       used 3440K, capacity 4720K, committed 4864K, reserved 1056768K
  class space    used 373K, capacity 424K, committed 512K, reserved 1048576K
}

Deoptimization events (5 events):
Event: 0.120 Thread 0x00000000025f0800 Uncommon trap: reason=unstable_if action=reinterpret pc=0x0000000002812548 method=java.lang.String.replace(CC)Ljava/lang/String; @ 35
Event: 0.179 Thread 0x00000000025f0800 Uncommon trap: reason=unstable_if action=reinterpret pc=0x00000000028511f0 method=java.util.zip.ZipFile.getZipEntry(Ljava/lang/String;J)Ljava/util/zip/ZipEntry; @ 19
Event: 0.410 Thread 0x00000000025f0800 Uncommon trap: reason=unstable_if action=reinterpret pc=0x000000000285b168 method=java.lang.String.compareTo(Ljava/lang/String;)I @ 38
Event: 0.692 Thread 0x000000001d30b000 Uncommon trap: reason=unstable_if action=reinterpret pc=0x000000000296cce8 method=java.util.HashMap.getNode(ILjava/lang/Object;)Ljava/util/HashMap$Node; @ 129
Event: 0.770 Thread 0x000000001d30c800 Uncommon trap: reason=unstable_if action=reinterpret pc=0x00000000029f5078 method=com.android.dx.rop.code.RegisterSpec.equals(ILcom/android/dx/rop/type/TypeBearer;Lcom/android/dx/rop/code/LocalItem;)Z @ 16

Internal exceptions (2 events):
Event: 0.033 Thread 0x00000000025f0800 Exception <a 'java/lang/NoSuchMethodError': Method sun.misc.Unsafe.defineClass(Ljava/lang/String;[BII)Ljava/lang/Class; name or signature does not match> (0x000000076ab07cc0) thrown at [C:\re\workspace\8-2-build-windows-amd64-cygwin\jdk8u101\7261\hotspot\sva±Ø—¡?
Event: 0.033 Thread 0x00000000025f0800 Exception <a 'java/lang/NoSuchMethodError': Method sun.misc.Unsafe.prefetchRead(Ljava/lang/Object;J)V name or signature does not match> (0x000000076ab07fa8) thrown at [C:\re\workspace\8-2-build-windows-amd64-cygwin\jdk8u101\7261\hotspot\src\share\vm\prims\

Events (10 events):
Event: 0.732 loading class java/util/ArrayList$1 done
Event: 0.768 Executing VM operation: ForceSafepoint
Event: 0.768 Executing VM operation: ForceSafepoint done
Event: 0.770 Thread 0x000000001d30c800 Uncommon trap: trap_request=0xffffff65 fr.pc=0x00000000029f5078
Event: 0.770 Thread 0x000000001d30c800 DEOPT PACKING pc=0x00000000029f5078 sp=0x000000001e0ae720
Event: 0.770 Thread 0x000000001d30c800 DEOPT UNPACKING pc=0x000000000273556a sp=0x000000001e0ae560 mode 2
Event: 0.773 loading class java/util/DualPivotQuicksort
Event: 0.774 loading class java/util/DualPivotQuicksort done
Event: 0.805 loading class com/android/dx/cf/code/SwitchList
Event: 0.805 loading class com/android/dx/cf/code/SwitchList done


Dynamic libraries:
0x00007ff684310000 - 0x00007ff684347000 	C:\Program Files\Java\jdk1.8.0_101\bin\java.exe
0x00007ffefc520000 - 0x00007ffefc6f1000 	C:\Windows\SYSTEM32\ntdll.dll
0x00007ffefc080000 - 0x00007ffefc12b000 	C:\Windows\System32\KERNEL32.DLL
0x00007ffef9700000 - 0x00007ffef991d000 	C:\Windows\System32\KERNELBASE.dll
0x00007ffefc360000 - 0x00007ffefc402000 	C:\Windows\System32\ADVAPI32.dll
0x00007ffefa0f0000 - 0x00007ffefa18e000 	C:\Windows\System32\msvcrt.dll
0x00007ffefa090000 - 0x00007ffefa0e9000 	C:\Windows\System32\sechost.dll
0x00007ffef9f60000 - 0x00007ffefa081000 	C:\Windows\System32\RPCRT4.dll
0x00007ffefb9c0000 - 0x00007ffefbb25000 	C:\Windows\System32\USER32.dll
0x00007ffef8e00000 - 0x00007ffef8e1e000 	C:\Windows\System32\win32u.dll
0x00007ffefb980000 - 0x00007ffefb9b4000 	C:\Windows\System32\GDI32.dll
0x00007ffef9920000 - 0x00007ffef9aa2000 	C:\Windows\System32\gdi32full.dll
0x00007ffef1860000 - 0x00007ffef1ad9000 	C:\Windows\WinSxS\amd64_microsoft.windows.common-controls_6595b64144ccf1df_6.0.14393.0_none_2d0f50fcbdb171b8\COMCTL32.dll
0x00007ffef9c20000 - 0x00007ffef9ee7000 	C:\Windows\System32\combase.dll
0x00007ffef9600000 - 0x00007ffef96f5000 	C:\Windows\System32\ucrtbase.dll
0x00007ffef8d30000 - 0x00007ffef8d9a000 	C:\Windows\System32\bcryptPrimitives.dll
0x00007ffefb700000 - 0x00007ffefb72e000 	C:\Windows\System32\IMM32.DLL
0x0000000062310000 - 0x00000000623e2000 	C:\Program Files\Java\jdk1.8.0_101\jre\bin\msvcr100.dll
0x0000000061a70000 - 0x000000006230a000 	C:\Program Files\Java\jdk1.8.0_101\jre\bin\server\jvm.dll
0x00007ffefb830000 - 0x00007ffefb838000 	C:\Windows\System32\PSAPI.DLL
0x00007ffed8800000 - 0x00007ffed8809000 	C:\Windows\SYSTEM32\WSOCK32.dll
0x00007ffef6eb0000 - 0x00007ffef6ed3000 	C:\Windows\SYSTEM32\WINMM.dll
0x00007ffefc410000 - 0x00007ffefc47a000 	C:\Windows\System32\WS2_32.dll
0x00007ffef3270000 - 0x00007ffef327a000 	C:\Windows\SYSTEM32\VERSION.dll
0x00000000023f0000 - 0x000000000241b000 	C:\Windows\SYSTEM32\WINMMBASE.dll
0x00007ffef8ed0000 - 0x00007ffef8f12000 	C:\Windows\System32\cfgmgr32.dll
0x0000000061a60000 - 0x0000000061a6f000 	C:\Program Files\Java\jdk1.8.0_101\jre\bin\verify.dll
0x0000000061a30000 - 0x0000000061a59000 	C:\Program Files\Java\jdk1.8.0_101\jre\bin\java.dll
0x0000000061a10000 - 0x0000000061a26000 	C:\Program Files\Java\jdk1.8.0_101\jre\bin\zip.dll
0x00007ffefa1f0000 - 0x00007ffefb6f8000 	C:\Windows\System32\SHELL32.dll
0x00007ffef8f20000 - 0x00007ffef95fa000 	C:\Windows\System32\windows.storage.dll
0x00007ffef8a60000 - 0x00007ffef8aac000 	C:\Windows\System32\powrprof.dll
0x00007ffefa190000 - 0x00007ffefa1e2000 	C:\Windows\System32\shlwapi.dll
0x00007ffef8a40000 - 0x00007ffef8a4f000 	C:\Windows\System32\kernel.appcore.dll
0x00007ffef8e20000 - 0x00007ffef8ec9000 	C:\Windows\System32\shcore.dll
0x00007ffef8a20000 - 0x00007ffef8a34000 	C:\Windows\System32\profapi.dll
0x00007ffee7340000 - 0x00007ffee74d2000 	C:\Windows\SYSTEM32\dbghelp.dll

VM Arguments:
jvm_args: -Djava.awt.headless=true -Xmx4g -Dfile.encoding=windows-1252 -Duser.country=US -Duser.language=en -Duser.variant 
java_command: com.android.dx.command.Main --dex --num-threads=4 --multi-dex --main-dex-list C:\Users\carson\Desktop\POPS\app\build\intermediates\multi-dex\debug\maindexlist.txt --output C:\Users\carson\Desktop\POPS\app\build\intermediates\transforms\dex\debug\folders\1000\1f\main C:\Users\carson\Desktop\POPS\app\build\intermediates\transforms\jarMerging\debug\jars\1\1f\combined.jar
java_class_path (initial): C:\Users\carson\AppData\Local\Android\sdk\build-tools\24.0.2\lib\dx.jar
Launcher Type: SUN_STANDARD

Environment Variables:
PATH=C:\ProgramData\Oracle\Java\javapath;C:\Windows\system32;C:\Windows;C:\Windows\System32\Wbem;C:\Windows\System32\WindowsPowerShell\v1.0\;C:\Program Files (x86)\Brackets\command;C:\Windows\system32\config\systemprofile\.dnx\bin;C:\Program Files\Microsoft DNX\Dnvm\;C:\Program Files\Microsoft SQL Server\130\Tools\Binn\;C:\Program Files (x86)\Windows Kits\8.1\Windows Performance Toolkit\;C:\Users\carson\AppData\Local\scoop\apps\nodejs\6.3.1\nodejs;C:\Users\carson\AppData\Local\scoop\shims;C:\Users\carson\AppData\Local\Microsoft\WindowsApps;C:\Users\carson\AppData\Local\atom\bin
USERNAME=carson
OS=Windows_NT
PROCESSOR_IDENTIFIER=Intel64 Family 6 Model 15 Stepping 11, GenuineIntel



---------------  S Y S T E M  ---------------

OS: Windows 10.0 , 64 bit Build 14393 (10.0.14393.0)

CPU:total 2 (2 cores per cpu, 1 threads per core) family 6 model 15 stepping 11, cmov, cx8, fxsr, mmx, sse, sse2, sse3, ssse3, tsc

Memory: 4k page, physical 6289956k(2686968k free), swap 10571372k(4015000k free)

vm_info: Java HotSpot(TM) 64-Bit Server VM (25.101-b13) for windows-amd64 JRE (1.8.0_101-b13), built on Jun 22 2016 01:21:29 by "java_re" with MS VC++ 10.0 (VS2010)

time: Thu Sep 15 04:41:09 2016
elapsed time: 1 seconds (0d 0h 0m 1s)

