#
# A fatal error has been detected by the Java Runtime Environment:
#
#  EXCEPTION_ACCESS_VIOLATION (0xc0000005) at pc=0xffffffffa3985120, pid=2952, tid=0x0000000000000608
#
# JRE version: Java(TM) SE Runtime Environment (8.0_101-b13) (build 1.8.0_101-b13)
# Java VM: Java HotSpot(TM) 64-Bit Server VM (25.101-b13 mixed mode windows-amd64 compressed oops)
# Problematic frame:
# C  0xffffffffa3985120
#
# Failed to write core dump. Minidumps are not enabled by default on client versions of Windows
#
# If you would like to submit a bug report, please visit:
#   http://bugreport.java.com/bugreport/crash.jsp
#

---------------  T H R E A D  ---------------

Current thread (0x000000001bdf8800):  JavaThread "Finalizer" daemon [_thread_in_Java, id=1544, stack(0x000000001ca50000,0x000000001cb50000)]

siginfo: ExceptionCode=0xc0000005, ExceptionInformation=0x0000000000000008 0xffffffffa3985120

Registers:
RAX=0x000000000000000d, RBX=0x000000001b4da4b8, RCX=0x000000001b5a4fa8, RDX=0x00000007a6c1c768
RSP=0x000000001cb4f548, RBP=0x000000001cb4f660, RSI=0x00000007a6c1c768, RDI=0x000000001bdf880d
R8 =0x00000006c0cb94a0, R9 =0x000000000296e030, R10=0x000000006226c0d0, R11=0x00000000036e67c0
R12=0x0000000000000000, R13=0x000000001cb4f610, R14=0x000000001cb4f680, R15=0x000000001bdf8800
RIP=0xffffffffa3985120, EFLAGS=0x0000000000010246

Top of Stack: (sp=0x000000001cb4f548)
0x000000001cb4f548:   00000000031cbf3c 000000000296e030
0x000000001cb4f558:   00000006c0cb94a0 000000001b814c48
0x000000001cb4f568:   00000007a6c06618 0000000000000000
0x000000001cb4f578:   00000006c0cb9788 00000007a6c1c768
0x000000001cb4f588:   00000006c0cb94a0 000000001b5a4fa8
0x000000001cb4f598:   00000007a6c1c768 000000001b4da4aa
0x000000001cb4f5a8:   0000000000000003 000000001cb4f660
0x000000001cb4f5b8:   00000000036e681c 000000001cb4f660
0x000000001cb4f5c8:   00000000036e6c44 000000001cb4f600
0x000000001cb4f5d8:   000000001cb4f660 000000000298809d
0x000000001cb4f5e8:   00000006c0cb94a0 000000001cb4f660
0x000000001cb4f5f8:   000000000298809d 000000001cb4f660
0x000000001cb4f608:   000000000298809d 00000006c0cb94a0
0x000000001cb4f618:   00000007a6c1c768 000000001cb4f620
0x000000001cb4f628:   000000001b5a4f05 000000001cb4f680
0x000000001cb4f638:   000000001b5a4fa8 0000000000000000 

Instructions: (pc=0xffffffffa3985120)
0xffffffffa3985100:   
[error occurred during error reporting (printing registers, top of stack, instructions near pc), id 0xc0000005]

Register to memory mapping:

RAX=0x000000000000000d is an unknown value
RBX={method} {0x000000001b4da4c0} 'access$100' '(Ljava/lang/ref/Finalizer;Lsun/misc/JavaLangAccess;)V' in 'java/lang/ref/Finalizer'
RCX=0x000000001b5a4fa8 is pointing into metadata
RDX=0x00000007a6c1c768 is an oop
java.lang.ref.Finalizer 
 - klass: 'java/lang/ref/Finalizer'
RSP=0x000000001cb4f548 is pointing into the stack for thread: 0x000000001bdf8800
RBP=0x000000001cb4f660 is pointing into the stack for thread: 0x000000001bdf8800
RSI=0x00000007a6c1c768 is an oop
java.lang.ref.Finalizer 
 - klass: 'java/lang/ref/Finalizer'
RDI=0x000000001bdf880d is an unknown value
R8 =0x00000006c0cb94a0 is an oop
java.lang.System$2 
 - klass: 'java/lang/System$2'
R9 =0x000000000296e030 is an unknown value
R10=0x000000006226c0d0 is an unknown value
R11=0x00000000036e67c0 is at entry_point+0 in (nmethod*)0x00000000036e6650
R12=0x0000000000000000 is an unknown value
R13=0x000000001cb4f610 is pointing into the stack for thread: 0x000000001bdf8800
R14=0x000000001cb4f680 is pointing into the stack for thread: 0x000000001bdf8800
R15=0x000000001bdf8800 is a thread


Stack: [0x000000001ca50000,0x000000001cb50000],  sp=0x000000001cb4f548,  free space=1021k
Native frames: (J=compiled Java code, j=interpreted, Vv=VM code, C=native code)
C  0xffffffffa3985120


---------------  P R O C E S S  ---------------

Java Threads: ( => current thread )
  0x000000001ddbb000 JavaThread "pool-1-thread-1" [_thread_in_Java, id=3972, stack(0x00000000202e0000,0x00000000203e0000)]
  0x000000001d6f8000 JavaThread "pool-2-thread-4" [_thread_blocked, id=9788, stack(0x000000001e240000,0x000000001e340000)]
  0x000000001d6f7000 JavaThread "pool-2-thread-3" [_thread_blocked, id=4732, stack(0x000000001e140000,0x000000001e240000)]
  0x000000001d722000 JavaThread "pool-2-thread-2" [_thread_in_Java, id=3180, stack(0x000000001e040000,0x000000001e140000)]
  0x000000001d721000 JavaThread "pool-3-thread-1" [_thread_blocked, id=1608, stack(0x000000001df40000,0x000000001e040000)]
  0x000000001d55d000 JavaThread "pool-2-thread-1" [_thread_blocked, id=1808, stack(0x000000001de40000,0x000000001df40000)]
  0x000000001be8e800 JavaThread "Service Thread" daemon [_thread_blocked, id=4716, stack(0x000000001d040000,0x000000001d140000)]
  0x000000001be0d800 JavaThread "C1 CompilerThread1" daemon [_thread_blocked, id=8444, stack(0x000000001cf40000,0x000000001d040000)]
  0x000000001be0a800 JavaThread "C2 CompilerThread0" daemon [_thread_blocked, id=8452, stack(0x000000001ce40000,0x000000001cf40000)]
  0x000000001be08800 JavaThread "Attach Listener" daemon [_thread_blocked, id=4472, stack(0x000000001cd40000,0x000000001ce40000)]
  0x000000001be05000 JavaThread "Signal Dispatcher" daemon [_thread_blocked, id=2680, stack(0x000000001cc40000,0x000000001cd40000)]
=>0x000000001bdf8800 JavaThread "Finalizer" daemon [_thread_in_Java, id=1544, stack(0x000000001ca50000,0x000000001cb50000)]
  0x000000000296c000 JavaThread "Reference Handler" daemon [_thread_blocked, id=3092, stack(0x000000001c950000,0x000000001ca50000)]
  0x0000000002880800 JavaThread "main" [_thread_blocked, id=6232, stack(0x0000000002760000,0x0000000002860000)]

Other Threads:
  0x000000001bdd5800 VMThread [stack: 0x000000001c850000,0x000000001c950000] [id=8276]
  0x000000001be92800 WatcherThread [stack: 0x000000001d140000,0x000000001d240000] [id=8012]

VM state:not at safepoint (normal execution)

VM Mutex/Monitor currently owned by a thread: None

Heap:
 PSYoungGen      total 943104K, used 299000K [0x000000076ab00000, 0x00000007be280000, 0x00000007c0000000)
  eden space 648192K, 4% used [0x000000076ab00000,0x000000076c529730,0x0000000792400000)
  from space 294912K, 92% used [0x00000007a6c00000,0x00000007b75d4a90,0x00000007b8c00000)
  to   space 335872K, 0% used [0x0000000792400000,0x0000000792400000,0x00000007a6c00000)
 ParOldGen       total 909312K, used 700050K [0x00000006c0000000, 0x00000006f7800000, 0x000000076ab00000)
  object space 909312K, 76% used [0x00000006c0000000,0x00000006eaba49c8,0x00000006f7800000)
 Metaspace       used 6791K, capacity 7384K, committed 7680K, reserved 1056768K
  class space    used 635K, capacity 656K, committed 768K, reserved 1048576K

Card table byte_map: [0x0000000011d40000,0x0000000012550000] byte_map_base: 0x000000000e740000

Marking Bits: (ParMarkBitMap*) 0x000000006228a6d0
 Begin Bits: [0x0000000012cb0000, 0x0000000016cb0000)
 End Bits:   [0x0000000016cb0000, 0x000000001acb0000)

Polling page: 0x0000000000c20000

CodeCache: size=245760Kb used=13715Kb max_used=13726Kb free=232044Kb
 bounds [0x0000000002980000, 0x0000000003700000, 0x0000000011980000]
 total_blobs=2985 nmethods=2717 adapters=182
 compilation: enabled

Compilation events (10 events):
Event: 63.014 Thread 0x000000001be0d800 3159       3       java.lang.ref.Finalizer::access$100 (6 bytes)
Event: 63.014 Thread 0x000000001be0d800 nmethod 3159 0x00000000036e6650 code [0x00000000036e67c0, 0x00000000036e6928]
Event: 63.014 Thread 0x000000001be0d800 3160   !   3       java.lang.ref.Finalizer::remove (94 bytes)
Event: 63.014 Thread 0x000000001be0d800 nmethod 3160 0x00000000036ea690 code [0x00000000036ea800, 0x00000000036ead10]
Event: 63.014 Thread 0x000000001be0d800 3161   !   3       java.lang.ref.ReferenceQueue::remove (125 bytes)
Event: 63.015 Thread 0x000000001be0d800 nmethod 3161 0x00000000036eae50 code [0x00000000036eb020, 0x00000000036eb8d8]
Event: 63.015 Thread 0x000000001be0d800 3162   !   3       java.lang.ref.Finalizer::runFinalizer (62 bytes)
Event: 63.015 Thread 0x000000001be0d800 nmethod 3162 0x00000000036ebcd0 code [0x00000000036ebe80, 0x00000000036ec6f8]
Event: 63.015 Thread 0x000000001be0d800 3163       3       java.lang.ref.ReferenceQueue::reallyPoll (66 bytes)
Event: 63.016 Thread 0x000000001be0d800 nmethod 3163 0x00000000036ec990 code [0x00000000036ecb00, 0x00000000036ecf90]

GC Heap History (10 events):
Event: 47.163 GC heap before
{Heap before GC invocations=21 (full 4):
 PSYoungGen      total 737280K, used 737255K [0x000000076ab00000, 0x00000007aa800000, 0x00000007c0000000)
  eden space 571392K, 100% used [0x000000076ab00000,0x000000078d900000,0x000000078d900000)
  from space 165888K, 99% used [0x000000079a880000,0x00000007a4a79e58,0x00000007a4a80000)
  to   space 212480K, 0% used [0x000000078d900000,0x000000078d900000,0x000000079a880000)
 ParOldGen       total 602112K, used 433640K [0x00000006c0000000, 0x00000006e4c00000, 0x000000076ab00000)
  object space 602112K, 72% used [0x00000006c0000000,0x00000006da77a238,0x00000006e4c00000)
 Metaspace       used 6682K, capacity 7320K, committed 7680K, reserved 1056768K
  class space    used 628K, capacity 656K, committed 768K, reserved 1048576K
Event: 47.798 GC heap after
Heap after GC invocations=21 (full 4):
 PSYoungGen      total 783872K, used 212470K [0x000000076ab00000, 0x00000007b6800000, 0x00000007c0000000)
  eden space 571392K, 0% used [0x000000076ab00000,0x000000076ab00000,0x000000078d900000)
  from space 212480K, 99% used [0x000000078d900000,0x000000079a87d808,0x000000079a880000)
  to   space 305664K, 0% used [0x00000007a3d80000,0x00000007a3d80000,0x00000007b6800000)
 ParOldGen       total 602112K, used 585387K [0x00000006c0000000, 0x00000006e4c00000, 0x000000076ab00000)
  object space 602112K, 97% used [0x00000006c0000000,0x00000006e3baadf8,0x00000006e4c00000)
 Metaspace       used 6682K, capacity 7320K, committed 7680K, reserved 1056768K
  class space    used 628K, capacity 656K, committed 768K, reserved 1048576K
}
Event: 47.798 GC heap before
{Heap before GC invocations=22 (full 5):
 PSYoungGen      total 783872K, used 212470K [0x000000076ab00000, 0x00000007b6800000, 0x00000007c0000000)
  eden space 571392K, 0% used [0x000000076ab00000,0x000000076ab00000,0x000000078d900000)
  from space 212480K, 99% used [0x000000078d900000,0x000000079a87d808,0x000000079a880000)
  to   space 305664K, 0% used [0x00000007a3d80000,0x00000007a3d80000,0x00000007b6800000)
 ParOldGen       total 602112K, used 585387K [0x00000006c0000000, 0x00000006e4c00000, 0x000000076ab00000)
  object space 602112K, 97% used [0x00000006c0000000,0x00000006e3baadf8,0x00000006e4c00000)
 Metaspace       used 6682K, capacity 7320K, committed 7680K, reserved 1056768K
  class space    used 628K, capacity 656K, committed 768K, reserved 1048576K
Event: 52.811 GC heap after
Heap after GC invocations=22 (full 5):
 PSYoungGen      total 783872K, used 187854K [0x000000076ab00000, 0x00000007b6800000, 0x00000007c0000000)
  eden space 571392K, 0% used [0x000000076ab00000,0x000000076ab00000,0x000000078d900000)
  from space 212480K, 88% used [0x000000078d900000,0x0000000799073950,0x000000079a880000)
  to   space 305664K, 0% used [0x00000007a3d80000,0x00000007a3d80000,0x00000007b6800000)
 ParOldGen       total 909312K, used 601670K [0x00000006c0000000, 0x00000006f7800000, 0x000000076ab00000)
  object space 909312K, 66% used [0x00000006c0000000,0x00000006e4b91a78,0x00000006f7800000)
 Metaspace       used 6682K, capacity 7320K, committed 7680K, reserved 1056768K
  class space    used 628K, capacity 656K, committed 768K, reserved 1048576K
}
Event: 55.514 GC heap before
{Heap before GC invocations=23 (full 5):
 PSYoungGen      total 783872K, used 759246K [0x000000076ab00000, 0x00000007b6800000, 0x00000007c0000000)
  eden space 571392K, 100% used [0x000000076ab00000,0x000000078d900000,0x000000078d900000)
  from space 212480K, 88% used [0x000000078d900000,0x0000000799073950,0x000000079a880000)
  to   space 305664K, 0% used [0x00000007a3d80000,0x00000007a3d80000,0x00000007b6800000)
 ParOldGen       total 909312K, used 601670K [0x00000006c0000000, 0x00000006f7800000, 0x000000076ab00000)
  object space 909312K, 66% used [0x00000006c0000000,0x00000006e4b91a78,0x00000006f7800000)
 Metaspace       used 6684K, capacity 7320K, committed 7680K, reserved 1056768K
  class space    used 628K, capacity 656K, committed 768K, reserved 1048576K
Event: 56.233 GC heap after
Heap after GC invocations=23 (full 5):
 PSYoungGen      total 898560K, used 113793K [0x000000076ab00000, 0x00000007b4500000, 0x00000007c0000000)
  eden space 628736K, 0% used [0x000000076ab00000,0x000000076ab00000,0x0000000791100000)
  from space 269824K, 42% used [0x00000007a3d80000,0x00000007aaca06a0,0x00000007b4500000)
  to   space 288768K, 0% used [0x0000000791100000,0x0000000791100000,0x00000007a2b00000)
 ParOldGen       total 909312K, used 700050K [0x00000006c0000000, 0x00000006f7800000, 0x000000076ab00000)
  object space 909312K, 76% used [0x00000006c0000000,0x00000006eaba49c8,0x00000006f7800000)
 Metaspace       used 6684K, capacity 7320K, committed 7680K, reserved 1056768K
  class space    used 628K, capacity 656K, committed 768K, reserved 1048576K
}
Event: 59.090 GC heap before
{Heap before GC invocations=24 (full 5):
 PSYoungGen      total 898560K, used 742529K [0x000000076ab00000, 0x00000007b4500000, 0x00000007c0000000)
  eden space 628736K, 100% used [0x000000076ab00000,0x0000000791100000,0x0000000791100000)
  from space 269824K, 42% used [0x00000007a3d80000,0x00000007aaca06a0,0x00000007b4500000)
  to   space 288768K, 0% used [0x0000000791100000,0x0000000791100000,0x00000007a2b00000)
 ParOldGen       total 909312K, used 700050K [0x00000006c0000000, 0x00000006f7800000, 0x000000076ab00000)
  object space 909312K, 76% used [0x00000006c0000000,0x00000006eaba49c8,0x00000006f7800000)
 Metaspace       used 6685K, capacity 7320K, committed 7680K, reserved 1056768K
  class space    used 629K, capacity 656K, committed 768K, reserved 1048576K
Event: 59.401 GC heap after
Heap after GC invocations=24 (full 5):
 PSYoungGen      total 917504K, used 172392K [0x000000076ab00000, 0x00000007b8c00000, 0x00000007c0000000)
  eden space 628736K, 0% used [0x000000076ab00000,0x000000076ab00000,0x0000000791100000)
  from space 288768K, 59% used [0x0000000791100000,0x000000079b95a388,0x00000007a2b00000)
  to   space 294912K, 0% used [0x00000007a6c00000,0x00000007a6c00000,0x00000007b8c00000)
 ParOldGen       total 909312K, used 700050K [0x00000006c0000000, 0x00000006f7800000, 0x000000076ab00000)
  object space 909312K, 76% used [0x00000006c0000000,0x00000006eaba49c8,0x00000006f7800000)
 Metaspace       used 6685K, capacity 7320K, committed 7680K, reserved 1056768K
  class space    used 629K, capacity 656K, committed 768K, reserved 1048576K
}
Event: 62.333 GC heap before
{Heap before GC invocations=25 (full 5):
 PSYoungGen      total 917504K, used 801128K [0x000000076ab00000, 0x00000007b8c00000, 0x00000007c0000000)
  eden space 628736K, 100% used [0x000000076ab00000,0x0000000791100000,0x0000000791100000)
  from space 288768K, 59% used [0x0000000791100000,0x000000079b95a388,0x00000007a2b00000)
  to   space 294912K, 0% used [0x00000007a6c00000,0x00000007a6c00000,0x00000007b8c00000)
 ParOldGen       total 909312K, used 700050K [0x00000006c0000000, 0x00000006f7800000, 0x000000076ab00000)
  object space 909312K, 76% used [0x00000006c0000000,0x00000006eaba49c8,0x00000006f7800000)
 Metaspace       used 6791K, capacity 7384K, committed 7680K, reserved 1056768K
  class space    used 635K, capacity 656K, committed 768K, reserved 1048576K
Event: 63.010 GC heap after
Heap after GC invocations=25 (full 5):
 PSYoungGen      total 943104K, used 272210K [0x000000076ab00000, 0x00000007be280000, 0x00000007c0000000)
  eden space 648192K, 0% used [0x000000076ab00000,0x000000076ab00000,0x0000000792400000)
  from space 294912K, 92% used [0x00000007a6c00000,0x00000007b75d4a90,0x00000007b8c00000)
  to   space 335872K, 0% used [0x0000000792400000,0x0000000792400000,0x00000007a6c00000)
 ParOldGen       total 909312K, used 700050K [0x00000006c0000000, 0x00000006f7800000, 0x000000076ab00000)
  object space 909312K, 76% used [0x00000006c0000000,0x00000006eaba49c8,0x00000006f7800000)
 Metaspace       used 6791K, capacity 7384K, committed 7680K, reserved 1056768K
  class space    used 635K, capacity 656K, committed 768K, reserved 1048576K
}

Deoptimization events (10 events):
Event: 59.724 Thread 0x000000001ddbb000 Uncommon trap: reason=class_check action=maybe_recompile pc=0x0000000002fdefe4 method=java.util.Arrays.hashCode([Ljava/lang/Object;)I @ 43
Event: 59.725 Thread 0x000000001ddbb000 Uncommon trap: reason=class_check action=maybe_recompile pc=0x0000000002fdefe4 method=java.util.Arrays.hashCode([Ljava/lang/Object;)I @ 43
Event: 59.725 Thread 0x000000001ddbb000 Uncommon trap: reason=class_check action=maybe_recompile pc=0x0000000002fdefe4 method=java.util.Arrays.hashCode([Ljava/lang/Object;)I @ 43
Event: 59.725 Thread 0x000000001ddbb000 Uncommon trap: reason=class_check action=maybe_recompile pc=0x0000000002fdefe4 method=java.util.Arrays.hashCode([Ljava/lang/Object;)I @ 43
Event: 59.725 Thread 0x000000001ddbb000 Uncommon trap: reason=class_check action=maybe_recompile pc=0x0000000002fd9cc0 method=java.util.Arrays.hashCode([Ljava/lang/Object;)I @ 43
Event: 60.482 Thread 0x000000001d6f7000 Uncommon trap: reason=unstable_if action=reinterpret pc=0x0000000002d17500 method=com.android.dx.cf.code.Ropper.processBlock(Lcom/android/dx/cf/code/ByteBlock;Lcom/android/dx/cf/code/Frame;[I)V @ 651
Event: 60.528 Thread 0x000000001d55d000 Uncommon trap: reason=bimorphic action=maybe_recompile pc=0x00000000034efba4 method=com.android.dx.cf.code.BytecodeArray.parseInstruction(ILcom/android/dx/cf/code/BytecodeArray$Visitor;)I @ 2554
Event: 60.528 Thread 0x000000001d55d000 Uncommon trap: reason=bimorphic action=maybe_recompile pc=0x00000000034efba4 method=com.android.dx.cf.code.BytecodeArray.parseInstruction(ILcom/android/dx/cf/code/BytecodeArray$Visitor;)I @ 2554
Event: 60.545 Thread 0x000000001d55d000 Uncommon trap: reason=unstable_if action=reinterpret pc=0x0000000002c50d84 method=com.android.dx.ssa.SCCP.simulateStmt(Lcom/android/dx/ssa/SsaInsn;)V @ 435
Event: 61.849 Thread 0x000000001ddbb000 Uncommon trap: reason=unstable_if action=reinterpret pc=0x00000000036ab9c8 method=com.android.dx.dex.code.OutputFinisher.addConstants(Ljava/util/HashSet;Lcom/android/dx/rop/code/RegisterSpec;)V @ 32

Internal exceptions (10 events):
Event: 0.048 Thread 0x0000000002880800 Exception <a 'java/lang/NoSuchMethodError': Method sun.misc.Unsafe.prefetchRead(Ljava/lang/Object;J)V name or signature does not match> (0x000000076ab07fa8) thrown at [C:\re\workspace\8-2-build-windows-amd64-cygwin\jdk8u101\7261\hotspot\src\share\vm\prims\λπ
Event: 0.877 Thread 0x000000001d6f7000 Implicit null exception at 0x0000000002cf8e22 to 0x0000000002cf8ed9
Event: 1.139 Thread 0x000000001d6f8000 Implicit null exception at 0x0000000002d71ebc to 0x0000000002d73a59
Event: 2.034 Thread 0x000000001d722000 Implicit null exception at 0x0000000002fcabb8 to 0x0000000002fcd741
Event: 2.035 Thread 0x000000001d722000 Implicit null exception at 0x0000000002e983c8 to 0x0000000002e984e1
Event: 2.292 Thread 0x000000001d6f7000 Exception <a 'java/lang/ArrayIndexOutOfBoundsException': 18> (0x000000076bc4a2d0) thrown at [C:\re\workspace\8-2-build-windows-amd64-cygwin\jdk8u101\7261\hotspot\src\share\vm\interpreter\interpreterRuntime.cpp, line 366]
Event: 2.292 Thread 0x000000001d6f7000 Exception <a 'java/lang/ArrayIndexOutOfBoundsException'> (0x000000076bc4be50) thrown at [C:\re\workspace\8-2-build-windows-amd64-cygwin\jdk8u101\7261\hotspot\src\share\vm\runtime\sharedRuntime.cpp, line 605]
Event: 2.293 Thread 0x000000001d6f7000 Exception <a 'java/lang/ArrayIndexOutOfBoundsException'> (0x000000076bc4d138) thrown at [C:\re\workspace\8-2-build-windows-amd64-cygwin\jdk8u101\7261\hotspot\src\share\vm\runtime\sharedRuntime.cpp, line 605]
Event: 14.752 Thread 0x0000000002880800 Implicit null exception at 0x0000000002adcef8 to 0x0000000002add399
Event: 21.383 Thread 0x000000001d722000 Implicit null exception at 0x0000000003401c10 to 0x0000000003408b7d

Events (10 events):
Event: 61.573 Thread 0x000000001ddbb000 DEOPT UNPACKING pc=0x00000000029c71bf sp=0x00000000203deee0 mode 0
Event: 61.625 Thread 0x000000001d55d000 DEOPT PACKING pc=0x00000000032985ab sp=0x000000001df3ee80
Event: 61.625 Thread 0x000000001d55d000 DEOPT UNPACKING pc=0x00000000029c71bf sp=0x000000001df3ebd0 mode 0
Event: 61.663 Thread 0x000000001d722000 DEOPT PACKING pc=0x0000000003284e0e sp=0x000000001e13e860
Event: 61.663 Thread 0x000000001d722000 DEOPT UNPACKING pc=0x00000000029c71bf sp=0x000000001e13e588 mode 0
Event: 61.848 Thread 0x000000001ddbb000 Uncommon trap: trap_request=0xffffff65 fr.pc=0x00000000036ab9c8
Event: 61.849 Thread 0x000000001ddbb000 DEOPT PACKING pc=0x00000000036ab9c8 sp=0x00000000203df170
Event: 61.849 Thread 0x000000001ddbb000 DEOPT UNPACKING pc=0x00000000029c556a sp=0x00000000203df098 mode 2
Event: 62.333 Executing VM operation: ParallelGCFailedAllocation
Event: 63.010 Executing VM operation: ParallelGCFailedAllocation done


Dynamic libraries:
0x00007ff684310000 - 0x00007ff684347000 	C:\Program Files\Java\jdk1.8.0_101\bin\java.exe
0x00007ffefc520000 - 0x00007ffefc6f1000 	C:\Windows\SYSTEM32\ntdll.dll
0x00007ffefc080000 - 0x00007ffefc12b000 	C:\Windows\System32\KERNEL32.DLL
0x00007ffef9700000 - 0x00007ffef991d000 	C:\Windows\System32\KERNELBASE.dll
0x00007ffefc360000 - 0x00007ffefc402000 	C:\Windows\System32\ADVAPI32.dll
0x00007ffefa0f0000 - 0x00007ffefa18e000 	C:\Windows\System32\msvcrt.dll
0x00007ffefa090000 - 0x00007ffefa0e9000 	C:\Windows\System32\sechost.dll
0x00007ffef9f60000 - 0x00007ffefa081000 	C:\Windows\System32\RPCRT4.dll
0x00007ffefb9c0000 - 0x00007ffefbb25000 	C:\Windows\System32\USER32.dll
0x00007ffef8e00000 - 0x00007ffef8e1e000 	C:\Windows\System32\win32u.dll
0x00007ffefb980000 - 0x00007ffefb9b4000 	C:\Windows\System32\GDI32.dll
0x00007ffef9920000 - 0x00007ffef9aa2000 	C:\Windows\System32\gdi32full.dll
0x00007ffef1860000 - 0x00007ffef1ad9000 	C:\Windows\WinSxS\amd64_microsoft.windows.common-controls_6595b64144ccf1df_6.0.14393.0_none_2d0f50fcbdb171b8\COMCTL32.dll
0x00007ffef9c20000 - 0x00007ffef9ee7000 	C:\Windows\System32\combase.dll
0x00007ffef9600000 - 0x00007ffef96f5000 	C:\Windows\System32\ucrtbase.dll
0x00007ffef8d30000 - 0x00007ffef8d9a000 	C:\Windows\System32\bcryptPrimitives.dll
0x00007ffefb700000 - 0x00007ffefb72e000 	C:\Windows\System32\IMM32.DLL
0x0000000062310000 - 0x00000000623e2000 	C:\Program Files\Java\jdk1.8.0_101\jre\bin\msvcr100.dll
0x0000000061a70000 - 0x000000006230a000 	C:\Program Files\Java\jdk1.8.0_101\jre\bin\server\jvm.dll
0x00007ffefb830000 - 0x00007ffefb838000 	C:\Windows\System32\PSAPI.DLL
0x00007ffed8800000 - 0x00007ffed8809000 	C:\Windows\SYSTEM32\WSOCK32.dll
0x00007ffef6eb0000 - 0x00007ffef6ed3000 	C:\Windows\SYSTEM32\WINMM.dll
0x00007ffef3270000 - 0x00007ffef327a000 	C:\Windows\SYSTEM32\VERSION.dll
0x00007ffef6e50000 - 0x00007ffef6e7b000 	C:\Windows\SYSTEM32\WINMMBASE.dll
0x00007ffef8ed0000 - 0x00007ffef8f12000 	C:\Windows\System32\cfgmgr32.dll
0x00007ffefc410000 - 0x00007ffefc47a000 	C:\Windows\System32\WS2_32.dll
0x0000000061a60000 - 0x0000000061a6f000 	C:\Program Files\Java\jdk1.8.0_101\jre\bin\verify.dll
0x0000000061a30000 - 0x0000000061a59000 	C:\Program Files\Java\jdk1.8.0_101\jre\bin\java.dll
0x0000000061a10000 - 0x0000000061a26000 	C:\Program Files\Java\jdk1.8.0_101\jre\bin\zip.dll
0x00007ffefa1f0000 - 0x00007ffefb6f8000 	C:\Windows\System32\SHELL32.dll
0x00007ffef8f20000 - 0x00007ffef95fa000 	C:\Windows\System32\windows.storage.dll
0x00007ffef8a60000 - 0x00007ffef8aac000 	C:\Windows\System32\powrprof.dll
0x00007ffefa190000 - 0x00007ffefa1e2000 	C:\Windows\System32\shlwapi.dll
0x00007ffef8a40000 - 0x00007ffef8a4f000 	C:\Windows\System32\kernel.appcore.dll
0x00007ffef8e20000 - 0x00007ffef8ec9000 	C:\Windows\System32\shcore.dll
0x00007ffef8a20000 - 0x00007ffef8a34000 	C:\Windows\System32\profapi.dll
0x00007ffee7340000 - 0x00007ffee74d2000 	C:\Windows\SYSTEM32\dbghelp.dll

VM Arguments:
jvm_args: -Djava.awt.headless=true -Xmx4g -Dfile.encoding=windows-1252 -Duser.country=US -Duser.language=en -Duser.variant 
java_command: com.android.dx.command.Main --dex --num-threads=4 --multi-dex --main-dex-list C:\Users\carson\Desktop\POPS\app\build\intermediates\multi-dex\debug\maindexlist.txt --output C:\Users\carson\Desktop\POPS\app\build\intermediates\transforms\dex\debug\folders\1000\1f\main C:\Users\carson\Desktop\POPS\app\build\intermediates\transforms\jarMerging\debug\jars\1\1f\combined.jar
java_class_path (initial): C:\Users\carson\AppData\Local\Android\sdk\build-tools\24.0.2\lib\dx.jar
Launcher Type: SUN_STANDARD

Environment Variables:
PATH=C:\ProgramData\Oracle\Java\javapath;C:\Windows\system32;C:\Windows;C:\Windows\System32\Wbem;C:\Windows\System32\WindowsPowerShell\v1.0\;C:\Program Files (x86)\Brackets\command;C:\Windows\system32\config\systemprofile\.dnx\bin;C:\Program Files\Microsoft DNX\Dnvm\;C:\Program Files\Microsoft SQL Server\130\Tools\Binn\;C:\Program Files (x86)\Windows Kits\8.1\Windows Performance Toolkit\;C:\Users\carson\AppData\Local\scoop\apps\nodejs\6.3.1\nodejs;C:\Users\carson\AppData\Local\scoop\shims;C:\Users\carson\AppData\Local\Microsoft\WindowsApps;C:\Users\carson\AppData\Local\atom\bin
USERNAME=carson
OS=Windows_NT
PROCESSOR_IDENTIFIER=Intel64 Family 6 Model 15 Stepping 11, GenuineIntel



---------------  S Y S T E M  ---------------

OS: Windows 10.0 , 64 bit Build 14393 (10.0.14393.0)

CPU:total 2 (2 cores per cpu, 1 threads per core) family 6 model 15 stepping 11, cmov, cx8, fxsr, mmx, sse, sse2, sse3, ssse3, tsc

Memory: 4k page, physical 6289956k(324420k free), swap 10570764k(1248440k free)

vm_info: Java HotSpot(TM) 64-Bit Server VM (25.101-b13) for windows-amd64 JRE (1.8.0_101-b13), built on Jun 22 2016 01:21:29 by "java_re" with MS VC++ 10.0 (VS2010)

time: Thu Sep 15 05:39:51 2016
elapsed time: 63 seconds (0d 0h 1m 3s)

