#
# A fatal error has been detected by the Java Runtime Environment:
#
#  EXCEPTION_ACCESS_VIOLATION (0xc0000005) at pc=0xffffffffa33f5120, pid=7260, tid=0x0000000000002b58
#
# JRE version: Java(TM) SE Runtime Environment (8.0_101-b13) (build 1.8.0_101-b13)
# Java VM: Java HotSpot(TM) 64-Bit Server VM (25.101-b13 mixed mode windows-amd64 compressed oops)
# Problematic frame:
# C  0xffffffffa33f5120
#
# Failed to write core dump. Minidumps are not enabled by default on client versions of Windows
#
# If you would like to submit a bug report, please visit:
#   http://bugreport.java.com/bugreport/crash.jsp
#

---------------  T H R E A D  ---------------

Current thread (0x00000000022f0800):  JavaThread "main" [_thread_in_Java, id=11096, stack(0x00000000021f0000,0x00000000022f0000)]

siginfo: ExceptionCode=0xc0000005, ExceptionInformation=0x0000000000000008 0xffffffffa33f5120

Registers:
RAX=0x000000076df08e30, RBX=0x0000000000000000, RCX=0x00000000d8000000, RDX=0x000000076c2f4748
RSP=0x00000000022ee948, RBP=0x00000000022eeb88, RSI=0x000000001b1e7a08, RDI=0x000000000000cb69
R8 =0x000000076df08e30, R9 =0x0000000000000000, R10=0x000000076df08e30, R11=0x000000076c2f4798
R12=0x0000000000000000, R13=0x000000076c2f3e40, R14=0x000000000000000c, R15=0x00000000022f0800
RIP=0xffffffffa33f5120, EFLAGS=0x0000000000010202

Top of Stack: (sp=0x00000000022ee948)
0x00000000022ee948:   00000000025636ac 000000076df08ef0
0x00000000022ee958:   00000000023f809d 000000000000000c
0x00000000022ee968:   000000000000176b 000000076df10000
0x00000000022ee978:   0000000000000000 000000076bf3f110
0x00000000022ee988:   00000000022ee988 000000001b1d1d90
0x00000000022ee998:   00000000022eea48 000000076e11be60
0x00000000022ee9a8:   000000076c2ecaa8 000000076e11bac0
0x00000000022ee9b8:   000000076e11b9e0 000000076c2f3e58
0x00000000022ee9c8:   000000076c2f3e40 000000076df08e78
0x00000000022ee9d8:   000000076c2f4278 000000076df08e30
0x00000000022ee9e8:   000000076c2f4328 000000076e11b9e0
0x00000000022ee9f8:   000000076c2f4748 00000000022eeb88
0x00000000022eea08:   000000000255c76c 00000000022eeb88
0x00000000022eea18:   000000000255c76c 000000076df10000
0x00000000022eea28:   000000000000000c 000000000000177b
0x00000000022eea38:   0000000000000000 000000000000176b 

Instructions: (pc=0xffffffffa33f5120)
0xffffffffa33f5100:   
[error occurred during error reporting (printing registers, top of stack, instructions near pc), id 0xc0000005]

Register to memory mapping:

RAX=0x000000076df08e30 is an oop
java.lang.String 
 - klass: 'java/lang/String'
RBX=0x0000000000000000 is an unknown value
RCX=0x00000000d8000000 is an unknown value
RDX=0x000000076c2f4748 is an oop
java.util.regex.Matcher 
 - klass: 'java/util/regex/Matcher'
RSP=0x00000000022ee948 is pointing into the stack for thread: 0x00000000022f0800
RBP=0x00000000022eeb88 is pointing into the stack for thread: 0x00000000022f0800
RSI=0x000000001b1e7a08 is pointing into metadata
RDI=0x000000000000cb69 is an unknown value
R8 =0x000000076df08e30 is an oop
java.lang.String 
 - klass: 'java/lang/String'
R9 =0x0000000000000000 is an unknown value
R10=0x000000076df08e30 is an oop
java.lang.String 
 - klass: 'java/lang/String'
R11=0x000000076c2f4798 is an oop

[error occurred during error reporting (printing register info), id 0xc0000005]

Stack: [0x00000000021f0000,0x00000000022f0000],  sp=0x00000000022ee948,  free space=1018k
Native frames: (J=compiled Java code, j=interpreted, Vv=VM code, C=native code)
C  0xffffffffa33f5120


---------------  P R O C E S S  ---------------

Java Threads: ( => current thread )
  0x000000001b8e2000 JavaThread "Service Thread" daemon [_thread_blocked, id=3064, stack(0x000000001caa0000,0x000000001cba0000)]
  0x000000001b8d1000 JavaThread "C1 CompilerThread1" daemon [_thread_blocked, id=5808, stack(0x000000001c9a0000,0x000000001caa0000)]
  0x000000001b879800 JavaThread "C2 CompilerThread0" daemon [_thread_in_native, id=7460, stack(0x000000001c8a0000,0x000000001c9a0000)]
  0x000000001b877800 JavaThread "Attach Listener" daemon [_thread_blocked, id=10156, stack(0x000000001c7a0000,0x000000001c8a0000)]
  0x000000001b874800 JavaThread "Signal Dispatcher" daemon [_thread_blocked, id=10704, stack(0x000000001c6a0000,0x000000001c7a0000)]
  0x000000001b868800 JavaThread "Finalizer" daemon [_thread_blocked, id=5068, stack(0x000000001c4b0000,0x000000001c5b0000)]
  0x00000000023db800 JavaThread "Reference Handler" daemon [_thread_blocked, id=8232, stack(0x000000001c3b0000,0x000000001c4b0000)]
=>0x00000000022f0800 JavaThread "main" [_thread_in_Java, id=11096, stack(0x00000000021f0000,0x00000000022f0000)]

Other Threads:
  0x000000001b846000 VMThread [stack: 0x000000001c2b0000,0x000000001c3b0000] [id=8616]
  0x000000001b8fe000 WatcherThread [stack: 0x000000001cba0000,0x000000001cca0000] [id=8360]

VM state:not at safepoint (normal execution)

VM Mutex/Monitor currently owned by a thread: None

Heap:
 PSYoungGen      total 53248K, used 28669K [0x000000076ab00000, 0x000000076e300000, 0x00000007c0000000)
  eden space 49152K, 51% used [0x000000076ab00000,0x000000076c3cd8f8,0x000000076db00000)
  from space 4096K, 79% used [0x000000076df00000,0x000000076e231bb8,0x000000076e300000)
  to   space 4096K, 0% used [0x000000076db00000,0x000000076db00000,0x000000076df00000)
 ParOldGen       total 65536K, used 8K [0x00000006c0000000, 0x00000006c4000000, 0x000000076ab00000)
  object space 65536K, 0% used [0x00000006c0000000,0x00000006c0002000,0x00000006c4000000)
 Metaspace       used 3434K, capacity 4720K, committed 4864K, reserved 1056768K
  class space    used 372K, capacity 424K, committed 512K, reserved 1048576K

Card table byte_map: [0x00000000117b0000,0x0000000011fc0000] byte_map_base: 0x000000000e1b0000

Marking Bits: (ParMarkBitMap*) 0x000000006b03a6d0
 Begin Bits: [0x0000000012720000, 0x0000000016720000)
 End Bits:   [0x0000000016720000, 0x000000001a720000)

Polling page: 0x00000000006e0000

CodeCache: size=245760Kb used=1529Kb max_used=1541Kb free=244230Kb
 bounds [0x00000000023f0000, 0x0000000002660000, 0x00000000113f0000]
 total_blobs=439 nmethods=198 adapters=156
 compilation: enabled

Compilation events (10 events):
Event: 0.294 Thread 0x000000001b8d1000  200       3       java.util.TimSort::countRunAndMakeAscending (128 bytes)
Event: 0.295 Thread 0x000000001b8d1000 nmethod 200 0x000000000256e8d0 code [0x000000000256eac0, 0x000000000256f588]
Event: 0.296 Thread 0x000000001b8d1000  201       3       java.util.TimSort::pushRun (31 bytes)
Event: 0.296 Thread 0x000000001b8d1000 nmethod 201 0x0000000002568ad0 code [0x0000000002568c40, 0x0000000002568df0]
Event: 0.296 Thread 0x000000001b8d1000  202       3       java.util.TimSort::mergeCollapse (101 bytes)
Event: 0.297 Thread 0x000000001b8d1000 nmethod 202 0x0000000002568290 code [0x0000000002568420, 0x0000000002568858]
Event: 0.298 Thread 0x000000001b879800 nmethod 189 0x0000000002571810 code [0x00000000025719a0, 0x0000000002572018]
Event: 0.298 Thread 0x000000001b879800  190       4       java.util.regex.Matcher::<init> (84 bytes)
Event: 0.302 Thread 0x000000001b879800 nmethod 190 0x000000000256fcd0 code [0x000000000256fe20, 0x0000000002570158]
Event: 0.302 Thread 0x000000001b879800  196       4       com.android.dx.cf.direct.ClassPathOpener::compareClassNames (42 bytes)

GC Heap History (4 events):
Event: 0.239 GC heap before
{Heap before GC invocations=1 (full 0):
 PSYoungGen      total 28672K, used 24576K [0x000000076ab00000, 0x000000076cb00000, 0x00000007c0000000)
  eden space 24576K, 100% used [0x000000076ab00000,0x000000076c300000,0x000000076c300000)
  from space 4096K, 0% used [0x000000076c700000,0x000000076c700000,0x000000076cb00000)
  to   space 4096K, 0% used [0x000000076c300000,0x000000076c300000,0x000000076c700000)
 ParOldGen       total 65536K, used 0K [0x00000006c0000000, 0x00000006c4000000, 0x000000076ab00000)
  object space 65536K, 0% used [0x00000006c0000000,0x00000006c0000000,0x00000006c4000000)
 Metaspace       used 3426K, capacity 4720K, committed 4864K, reserved 1056768K
  class space    used 372K, capacity 424K, committed 512K, reserved 1048576K
Event: 0.244 GC heap after
Heap after GC invocations=1 (full 0):
 PSYoungGen      total 28672K, used 3477K [0x000000076ab00000, 0x000000076e300000, 0x00000007c0000000)
  eden space 24576K, 0% used [0x000000076ab00000,0x000000076ab00000,0x000000076c300000)
  from space 4096K, 84% used [0x000000076c300000,0x000000076c665590,0x000000076c700000)
  to   space 4096K, 0% used [0x000000076df00000,0x000000076df00000,0x000000076e300000)
 ParOldGen       total 65536K, used 8K [0x00000006c0000000, 0x00000006c4000000, 0x000000076ab00000)
  object space 65536K, 0% used [0x00000006c0000000,0x00000006c0002000,0x00000006c4000000)
 Metaspace       used 3426K, capacity 4720K, committed 4864K, reserved 1056768K
  class space    used 372K, capacity 424K, committed 512K, reserved 1048576K
}
Event: 0.272 GC heap before
{Heap before GC invocations=2 (full 0):
 PSYoungGen      total 28672K, used 28053K [0x000000076ab00000, 0x000000076e300000, 0x00000007c0000000)
  eden space 24576K, 100% used [0x000000076ab00000,0x000000076c300000,0x000000076c300000)
  from space 4096K, 84% used [0x000000076c300000,0x000000076c665590,0x000000076c700000)
  to   space 4096K, 0% used [0x000000076df00000,0x000000076df00000,0x000000076e300000)
 ParOldGen       total 65536K, used 8K [0x00000006c0000000, 0x00000006c4000000, 0x000000076ab00000)
  object space 65536K, 0% used [0x00000006c0000000,0x00000006c0002000,0x00000006c4000000)
 Metaspace       used 3430K, capacity 4720K, committed 4864K, reserved 1056768K
  class space    used 372K, capacity 424K, committed 512K, reserved 1048576K
Event: 0.277 GC heap after
Heap after GC invocations=2 (full 0):
 PSYoungGen      total 53248K, used 3270K [0x000000076ab00000, 0x000000076e300000, 0x00000007c0000000)
  eden space 49152K, 0% used [0x000000076ab00000,0x000000076ab00000,0x000000076db00000)
  from space 4096K, 79% used [0x000000076df00000,0x000000076e231bb8,0x000000076e300000)
  to   space 4096K, 0% used [0x000000076db00000,0x000000076db00000,0x000000076df00000)
 ParOldGen       total 65536K, used 8K [0x00000006c0000000, 0x00000006c4000000, 0x000000076ab00000)
  object space 65536K, 0% used [0x00000006c0000000,0x00000006c0002000,0x00000006c4000000)
 Metaspace       used 3430K, capacity 4720K, committed 4864K, reserved 1056768K
  class space    used 372K, capacity 424K, committed 512K, reserved 1048576K
}

Deoptimization events (1 events):
Event: 0.134 Thread 0x00000000022f0800 Uncommon trap: reason=unstable_if action=reinterpret pc=0x0000000002511d88 method=java.lang.String.replace(CC)Ljava/lang/String; @ 35

Internal exceptions (2 events):
Event: 0.031 Thread 0x00000000022f0800 Exception <a 'java/lang/NoSuchMethodError': Method sun.misc.Unsafe.defineClass(Ljava/lang/String;[BII)Ljava/lang/Class; name or signature does not match> (0x000000076ab07cc0) thrown at [C:\re\workspace\8-2-build-windows-amd64-cygwin\jdk8u101\7261\hotspot\svOuz"uü?
Event: 0.031 Thread 0x00000000022f0800 Exception <a 'java/lang/NoSuchMethodError': Method sun.misc.Unsafe.prefetchRead(Ljava/lang/Object;J)V name or signature does not match> (0x000000076ab07fa8) thrown at [C:\re\workspace\8-2-build-windows-amd64-cygwin\jdk8u101\7261\hotspot\src\share\vm\prims\

Events (10 events):
Event: 0.195 loading class java/util/regex/Matcher
Event: 0.196 loading class java/util/regex/MatchResult
Event: 0.196 loading class java/util/regex/MatchResult done
Event: 0.196 loading class java/util/regex/Matcher done
Event: 0.238 Executing VM operation: ParallelGCFailedAllocation
Event: 0.244 Executing VM operation: ParallelGCFailedAllocation done
Event: 0.272 Executing VM operation: ParallelGCFailedAllocation
Event: 0.277 Executing VM operation: ParallelGCFailedAllocation done
Event: 0.285 Thread 0x00000000022f0800 DEOPT PACKING pc=0x000000000256257b sp=0x00000000022eea90
Event: 0.285 Thread 0x00000000022f0800 DEOPT UNPACKING pc=0x00000000024371bf sp=0x00000000022ee7e0 mode 0


Dynamic libraries:
0x00007ff64fbf0000 - 0x00007ff64fc27000 	C:\Program Files\Java\jdk1.8.0_101\bin\java.exe
0x00007ff914210000 - 0x00007ff9143e1000 	C:\Windows\SYSTEM32\ntdll.dll
0x00007ff911c10000 - 0x00007ff911cbb000 	C:\Windows\System32\KERNEL32.DLL
0x00007ff910aa0000 - 0x00007ff910cbd000 	C:\Windows\System32\KERNELBASE.dll
0x00007ff911cc0000 - 0x00007ff911d62000 	C:\Windows\System32\ADVAPI32.dll
0x00007ff913e80000 - 0x00007ff913f1e000 	C:\Windows\System32\msvcrt.dll
0x00007ff9140f0000 - 0x00007ff914149000 	C:\Windows\System32\sechost.dll
0x00007ff9117e0000 - 0x00007ff911901000 	C:\Windows\System32\RPCRT4.dll
0x00007ff913f80000 - 0x00007ff9140e5000 	C:\Windows\System32\USER32.dll
0x00007ff910cc0000 - 0x00007ff910cde000 	C:\Windows\System32\win32u.dll
0x00007ff9117a0000 - 0x00007ff9117d4000 	C:\Windows\System32\GDI32.dll
0x00007ff9108a0000 - 0x00007ff910a22000 	C:\Windows\System32\gdi32full.dll
0x00007ff90ac70000 - 0x00007ff90aee9000 	C:\Windows\WinSxS\amd64_microsoft.windows.common-controls_6595b64144ccf1df_6.0.14393.0_none_2d0f50fcbdb171b8\COMCTL32.dll
0x00007ff913a40000 - 0x00007ff913d07000 	C:\Windows\System32\combase.dll
0x00007ff9107a0000 - 0x00007ff910895000 	C:\Windows\System32\ucrtbase.dll
0x00007ff910a30000 - 0x00007ff910a9a000 	C:\Windows\System32\bcryptPrimitives.dll
0x00007ff913420000 - 0x00007ff91344e000 	C:\Windows\System32\IMM32.DLL
0x000000006b0c0000 - 0x000000006b192000 	C:\Program Files\Java\jdk1.8.0_101\jre\bin\msvcr100.dll
0x000000006a820000 - 0x000000006b0ba000 	C:\Program Files\Java\jdk1.8.0_101\jre\bin\server\jvm.dll
0x00007ff913d10000 - 0x00007ff913d18000 	C:\Windows\System32\PSAPI.DLL
0x00007ff8f3040000 - 0x00007ff8f3049000 	C:\Windows\SYSTEM32\WSOCK32.dll
0x00007ff90ebd0000 - 0x00007ff90ebf3000 	C:\Windows\SYSTEM32\WINMM.dll
0x00007ff9133b0000 - 0x00007ff91341a000 	C:\Windows\System32\WS2_32.dll
0x00007ff90c270000 - 0x00007ff90c27a000 	C:\Windows\SYSTEM32\VERSION.dll
0x00007ff90eb70000 - 0x00007ff90eb9b000 	C:\Windows\SYSTEM32\WINMMBASE.dll
0x00007ff910f10000 - 0x00007ff910f52000 	C:\Windows\System32\cfgmgr32.dll
0x000000006a810000 - 0x000000006a81f000 	C:\Program Files\Java\jdk1.8.0_101\jre\bin\verify.dll
0x000000006a7e0000 - 0x000000006a809000 	C:\Program Files\Java\jdk1.8.0_101\jre\bin\java.dll
0x000000006a7c0000 - 0x000000006a7d6000 	C:\Program Files\Java\jdk1.8.0_101\jre\bin\zip.dll
0x00007ff911d70000 - 0x00007ff913278000 	C:\Windows\System32\SHELL32.dll
0x00007ff910f60000 - 0x00007ff91163a000 	C:\Windows\System32\windows.storage.dll
0x00007ff910730000 - 0x00007ff91077c000 	C:\Windows\System32\powrprof.dll
0x00007ff914150000 - 0x00007ff9141a2000 	C:\Windows\System32\shlwapi.dll
0x00007ff910790000 - 0x00007ff91079f000 	C:\Windows\System32\kernel.appcore.dll
0x00007ff9116f0000 - 0x00007ff911799000 	C:\Windows\System32\shcore.dll
0x00007ff910710000 - 0x00007ff910724000 	C:\Windows\System32\profapi.dll
0x00007ff902ed0000 - 0x00007ff903062000 	C:\Windows\SYSTEM32\dbghelp.dll

VM Arguments:
jvm_args: -Djava.awt.headless=true -Xmx4g -Dfile.encoding=windows-1252 -Duser.country=US -Duser.language=en -Duser.variant 
java_command: com.android.dx.command.Main --dex --num-threads=4 --multi-dex --main-dex-list C:\Users\carson\Desktop\POPS\app\build\intermediates\multi-dex\debug\maindexlist.txt --output C:\Users\carson\Desktop\POPS\app\build\intermediates\transforms\dex\debug\folders\1000\1f\main C:\Users\carson\Desktop\POPS\app\build\intermediates\transforms\jarMerging\debug\jars\1\1f\combined.jar
java_class_path (initial): C:\Users\carson\AppData\Local\Android\sdk\build-tools\24.0.2\lib\dx.jar
Launcher Type: SUN_STANDARD

Environment Variables:
PATH=C:\ProgramData\Oracle\Java\javapath;C:\Windows\system32;C:\Windows;C:\Windows\System32\Wbem;C:\Windows\System32\WindowsPowerShell\v1.0\;C:\Program Files (x86)\Brackets\command;C:\Windows\system32\config\systemprofile\.dnx\bin;C:\Program Files\Microsoft DNX\Dnvm\;C:\Program Files\Microsoft SQL Server\130\Tools\Binn\;C:\Program Files (x86)\Windows Kits\8.1\Windows Performance Toolkit\;C:\Users\carson\AppData\Local\scoop\apps\nodejs\6.3.1\nodejs;C:\Users\carson\AppData\Local\scoop\shims;C:\Users\carson\AppData\Local\Microsoft\WindowsApps;C:\Users\carson\AppData\Local\atom\bin
USERNAME=carson
OS=Windows_NT
PROCESSOR_IDENTIFIER=Intel64 Family 6 Model 15 Stepping 11, GenuineIntel



---------------  S Y S T E M  ---------------

OS: Windows 10.0 , 64 bit Build 14393 (10.0.14393.0)

CPU:total 2 (2 cores per cpu, 1 threads per core) family 6 model 15 stepping 11, cmov, cx8, fxsr, mmx, sse, sse2, sse3, ssse3, tsc

Memory: 4k page, physical 6289956k(2667404k free), swap 9760352k(2904048k free)

vm_info: Java HotSpot(TM) 64-Bit Server VM (25.101-b13) for windows-amd64 JRE (1.8.0_101-b13), built on Jun 22 2016 01:21:29 by "java_re" with MS VC++ 10.0 (VS2010)

time: Tue Sep 13 05:05:21 2016
elapsed time: 0 seconds (0d 0h 0m 0s)

