#
# A fatal error has been detected by the Java Runtime Environment:
#
#  EXCEPTION_ACCESS_VIOLATION (0xc0000005) at pc=0xffffffffa3765120, pid=8836, tid=0x0000000000001d50
#
# JRE version: Java(TM) SE Runtime Environment (8.0_101-b13) (build 1.8.0_101-b13)
# Java VM: Java HotSpot(TM) 64-Bit Server VM (25.101-b13 mixed mode windows-amd64 compressed oops)
# Problematic frame:
# C  0xffffffffa3765120
#
# Failed to write core dump. Minidumps are not enabled by default on client versions of Windows
#
# If you would like to submit a bug report, please visit:
#   http://bugreport.java.com/bugreport/crash.jsp
#

---------------  T H R E A D  ---------------

Current thread (0x0000000002660800):  JavaThread "main" [_thread_in_Java, id=7504, stack(0x0000000002490000,0x0000000002590000)]

siginfo: ExceptionCode=0xc0000005, ExceptionInformation=0x0000000000000008 0xffffffffa3765120

Registers:
RAX=0x00000007c0046218, RBX=0x000000001b6c0998, RCX=0x00000000000022cd, RDX=0x000000076dc531a8
RSP=0x000000000258eab8, RBP=0x000000000258ec28, RSI=0x000000001b6c0d48, RDI=0x000000000004f1d8
R8 =0x000000076dc53290, R9 =0x000000076dc53240, R10=0x00000007c0067170, R11=0x00000000000022ce
R12=0x0000000000000000, R13=0x000000076dc53240, R14=0x00000007c0067170, R15=0x0000000002660800
RIP=0xffffffffa3765120, EFLAGS=0x0000000000010202

Top of Stack: (sp=0x000000000258eab8)
0x000000000258eab8:   00000000028cdfac 000000076db08000
0x000000000258eac8:   000000000000000e 000000000000228f
0x000000000258ead8:   0000000000000000 000000000000227d
0x000000000258eae8:   000000076db01e68 000000000258eaf0
0x000000000258eaf8:   000000001b54112a 000000000258ec28
0x000000000258eb08:   00000000028da9e7 000000000258ec28
0x000000000258eb18:   00000000028d9764 000000000258ec28
0x000000000258eb28:   00000000028da814 000000000258ec28
0x000000000258eb38:   00000000028e000c 0000000000000005
0x000000000258eb48:   000000000000000f 000000000000228f
0x000000000258eb58:   0000000000000012 000022cf000022d1
0x000000000258eb68:   000022cd000022ce 000000076db08000
0x000000000258eb78:   000000076dc53158 000000076db05ea8
0x000000000258eb88:   000022bd000022d4 000022bf000022bd
0x000000000258eb98:   000000000000224c 000000000258ec28
0x000000000258eba8:   000000000276809d 000000000258ec28 

Instructions: (pc=0xffffffffa3765120)
0xffffffffa3765100:   
[error occurred during error reporting (printing registers, top of stack, instructions near pc), id 0xc0000005]

Register to memory mapping:

RAX=0x00000007c0046218 is pointing into metadata
RBX=0x000000001b6c0998 is pointing into metadata
RCX=0x00000000000022cd is an unknown value
RDX=0x000000076dc531a8 is an oop
java.lang.String 
 - klass: 'java/lang/String'
RSP=0x000000000258eab8 is pointing into the stack for thread: 0x0000000002660800
RBP=0x000000000258ec28 is pointing into the stack for thread: 0x0000000002660800
RSI=0x000000001b6c0d48 is pointing into metadata
RDI=0x000000000004f1d8 is an unknown value
R8 =0x000000076dc53290 is an oop
java.lang.String 
 - klass: 'java/lang/String'
R9 =0x000000076dc53240 is an oop
java.util.zip.ZipEntry 
 - klass: 'java/util/zip/ZipEntry'
R10=0x00000007c0067170 is pointing into metadata
R11=0x00000000000022ce is an unknown value
R12=0x0000000000000000 is an unknown value
R13=0x000000076dc53240 is an oop
java.util.zip.ZipEntry 
 - klass: 'java/util/zip/ZipEntry'
R14=0x00000007c0067170 is pointing into metadata
R15=0x0000000002660800 is a thread


Stack: [0x0000000002490000,0x0000000002590000],  sp=0x000000000258eab8,  free space=1018k
Native frames: (J=compiled Java code, j=interpreted, Vv=VM code, C=native code)
C  0xffffffffa3765120


---------------  P R O C E S S  ---------------

Java Threads: ( => current thread )
  0x000000001bc6e800 JavaThread "Service Thread" daemon [_thread_blocked, id=7600, stack(0x000000001ce10000,0x000000001cf10000)]
  0x000000001bbee000 JavaThread "C1 CompilerThread1" daemon [_thread_blocked, id=9172, stack(0x000000001cd10000,0x000000001ce10000)]
  0x000000001bbeb000 JavaThread "C2 CompilerThread0" daemon [_thread_blocked, id=9448, stack(0x000000001cc10000,0x000000001cd10000)]
  0x000000001bbe9800 JavaThread "Attach Listener" daemon [_thread_blocked, id=5128, stack(0x000000001cb10000,0x000000001cc10000)]
  0x000000001bbe4800 JavaThread "Signal Dispatcher" daemon [_thread_blocked, id=988, stack(0x000000001ca10000,0x000000001cb10000)]
  0x000000001bbd8800 JavaThread "Finalizer" daemon [_thread_blocked, id=9796, stack(0x000000001c820000,0x000000001c920000)]
  0x000000000274b800 JavaThread "Reference Handler" daemon [_thread_blocked, id=9888, stack(0x000000001c720000,0x000000001c820000)]
=>0x0000000002660800 JavaThread "main" [_thread_in_Java, id=7504, stack(0x0000000002490000,0x0000000002590000)]

Other Threads:
  0x000000001bbb6000 VMThread [stack: 0x000000001c620000,0x000000001c720000] [id=8120]
  0x000000001bc72800 WatcherThread [stack: 0x000000001cf10000,0x000000001d010000] [id=6580]

VM state:not at safepoint (normal execution)

VM Mutex/Monitor currently owned by a thread: None

Heap:
 PSYoungGen      total 53248K, used 17548K [0x000000076ab00000, 0x0000000771300000, 0x00000007c0000000)
  eden space 49152K, 28% used [0x000000076ab00000,0x000000076b8dd5a0,0x000000076db00000)
  from space 4096K, 81% used [0x000000076db00000,0x000000076de45ba8,0x000000076df00000)
  to   space 4096K, 0% used [0x0000000770f00000,0x0000000770f00000,0x0000000771300000)
 ParOldGen       total 65536K, used 16K [0x00000006c0000000, 0x00000006c4000000, 0x000000076ab00000)
  object space 65536K, 0% used [0x00000006c0000000,0x00000006c0004000,0x00000006c4000000)
 Metaspace       used 3437K, capacity 4720K, committed 4864K, reserved 1056768K
  class space    used 372K, capacity 424K, committed 512K, reserved 1048576K

Card table byte_map: [0x0000000011b20000,0x0000000012330000] byte_map_base: 0x000000000e520000

Marking Bits: (ParMarkBitMap*) 0x000000006228a6d0
 Begin Bits: [0x0000000012a90000, 0x0000000016a90000)
 End Bits:   [0x0000000016a90000, 0x000000001aa90000)

Polling page: 0x0000000000c80000

CodeCache: size=245760Kb used=1569Kb max_used=1584Kb free=244190Kb
 bounds [0x0000000002760000, 0x00000000029d0000, 0x0000000011760000]
 total_blobs=443 nmethods=202 adapters=156
 compilation: enabled

Compilation events (10 events):
Event: 0.390 Thread 0x000000001bbee000 nmethod 198 0x00000000028d92d0 code [0x00000000028d94c0, 0x00000000028d9f88]
Event: 0.390 Thread 0x000000001bbee000  199       3       java.util.TimSort::pushRun (31 bytes)
Event: 0.390 Thread 0x000000001bbee000 nmethod 199 0x00000000028d8e50 code [0x00000000028d8fc0, 0x00000000028d9170]
Event: 0.390 Thread 0x000000001bbee000  200       3       java.util.TimSort::mergeCollapse (101 bytes)
Event: 0.390 Thread 0x000000001bbee000 nmethod 200 0x00000000028dfc90 code [0x00000000028dfe20, 0x00000000028e0258]
Event: 0.399 Thread 0x000000001bbee000  201       3       java.util.TimSort::ensureCapacity (107 bytes)
Event: 0.399 Thread 0x000000001bbee000 nmethod 201 0x00000000028df350 code [0x00000000028df4e0, 0x00000000028dfad8]
Event: 0.430 Thread 0x000000001bbee000  202       3       java.util.TimSort::mergeLo (659 bytes)
Event: 0.432 Thread 0x000000001bbee000 nmethod 202 0x00000000028e2110 code [0x00000000028e2440, 0x00000000028e4638]
Event: 0.434 Thread 0x000000001bbeb000 nmethod 194 0x00000000028e9ad0 code [0x00000000028e9ce0, 0x00000000028eb6f8]

GC Heap History (6 events):
Event: 0.286 GC heap before
{Heap before GC invocations=1 (full 0):
 PSYoungGen      total 28672K, used 24576K [0x000000076ab00000, 0x000000076cb00000, 0x00000007c0000000)
  eden space 24576K, 100% used [0x000000076ab00000,0x000000076c300000,0x000000076c300000)
  from space 4096K, 0% used [0x000000076c700000,0x000000076c700000,0x000000076cb00000)
  to   space 4096K, 0% used [0x000000076c300000,0x000000076c300000,0x000000076c700000)
 ParOldGen       total 65536K, used 0K [0x00000006c0000000, 0x00000006c4000000, 0x000000076ab00000)
  object space 65536K, 0% used [0x00000006c0000000,0x00000006c0000000,0x00000006c4000000)
 Metaspace       used 3426K, capacity 4720K, committed 4864K, reserved 1056768K
  class space    used 372K, capacity 424K, committed 512K, reserved 1048576K
Event: 0.291 GC heap after
Heap after GC invocations=1 (full 0):
 PSYoungGen      total 28672K, used 3572K [0x000000076ab00000, 0x000000076e300000, 0x00000007c0000000)
  eden space 24576K, 0% used [0x000000076ab00000,0x000000076ab00000,0x000000076c300000)
  from space 4096K, 87% used [0x000000076c300000,0x000000076c67d198,0x000000076c700000)
  to   space 4096K, 0% used [0x000000076df00000,0x000000076df00000,0x000000076e300000)
 ParOldGen       total 65536K, used 8K [0x00000006c0000000, 0x00000006c4000000, 0x000000076ab00000)
  object space 65536K, 0% used [0x00000006c0000000,0x00000006c0002000,0x00000006c4000000)
 Metaspace       used 3426K, capacity 4720K, committed 4864K, reserved 1056768K
  class space    used 372K, capacity 424K, committed 512K, reserved 1048576K
}
Event: 0.319 GC heap before
{Heap before GC invocations=2 (full 0):
 PSYoungGen      total 28672K, used 28148K [0x000000076ab00000, 0x000000076e300000, 0x00000007c0000000)
  eden space 24576K, 100% used [0x000000076ab00000,0x000000076c300000,0x000000076c300000)
  from space 4096K, 87% used [0x000000076c300000,0x000000076c67d198,0x000000076c700000)
  to   space 4096K, 0% used [0x000000076df00000,0x000000076df00000,0x000000076e300000)
 ParOldGen       total 65536K, used 8K [0x00000006c0000000, 0x00000006c4000000, 0x000000076ab00000)
  object space 65536K, 0% used [0x00000006c0000000,0x00000006c0002000,0x00000006c4000000)
 Metaspace       used 3430K, capacity 4720K, committed 4864K, reserved 1056768K
  class space    used 372K, capacity 424K, committed 512K, reserved 1048576K
Event: 0.324 GC heap after
Heap after GC invocations=2 (full 0):
 PSYoungGen      total 53248K, used 3366K [0x000000076ab00000, 0x000000076e300000, 0x00000007c0000000)
  eden space 49152K, 0% used [0x000000076ab00000,0x000000076ab00000,0x000000076db00000)
  from space 4096K, 82% used [0x000000076df00000,0x000000076e249bb8,0x000000076e300000)
  to   space 4096K, 0% used [0x000000076db00000,0x000000076db00000,0x000000076df00000)
 ParOldGen       total 65536K, used 16K [0x00000006c0000000, 0x00000006c4000000, 0x000000076ab00000)
  object space 65536K, 0% used [0x00000006c0000000,0x00000006c0004000,0x00000006c4000000)
 Metaspace       used 3430K, capacity 4720K, committed 4864K, reserved 1056768K
  class space    used 372K, capacity 424K, committed 512K, reserved 1048576K
}
Event: 0.414 GC heap before
{Heap before GC invocations=3 (full 0):
 PSYoungGen      total 53248K, used 52518K [0x000000076ab00000, 0x000000076e300000, 0x00000007c0000000)
  eden space 49152K, 100% used [0x000000076ab00000,0x000000076db00000,0x000000076db00000)
  from space 4096K, 82% used [0x000000076df00000,0x000000076e249bb8,0x000000076e300000)
  to   space 4096K, 0% used [0x000000076db00000,0x000000076db00000,0x000000076df00000)
 ParOldGen       total 65536K, used 16K [0x00000006c0000000, 0x00000006c4000000, 0x000000076ab00000)
  object space 65536K, 0% used [0x00000006c0000000,0x00000006c0004000,0x00000006c4000000)
 Metaspace       used 3434K, capacity 4720K, committed 4864K, reserved 1056768K
  class space    used 372K, capacity 424K, committed 512K, reserved 1048576K
Event: 0.423 GC heap after
Heap after GC invocations=3 (full 0):
 PSYoungGen      total 53248K, used 3350K [0x000000076ab00000, 0x0000000771300000, 0x00000007c0000000)
  eden space 49152K, 0% used [0x000000076ab00000,0x000000076ab00000,0x000000076db00000)
  from space 4096K, 81% used [0x000000076db00000,0x000000076de45ba8,0x000000076df00000)
  to   space 4096K, 0% used [0x0000000770f00000,0x0000000770f00000,0x0000000771300000)
 ParOldGen       total 65536K, used 16K [0x00000006c0000000, 0x00000006c4000000, 0x000000076ab00000)
  object space 65536K, 0% used [0x00000006c0000000,0x00000006c0004000,0x00000006c4000000)
 Metaspace       used 3434K, capacity 4720K, committed 4864K, reserved 1056768K
  class space    used 372K, capacity 424K, committed 512K, reserved 1048576K
}

Deoptimization events (2 events):
Event: 0.138 Thread 0x0000000002660800 Uncommon trap: reason=unstable_if action=reinterpret pc=0x0000000002881988 method=java.lang.String.replace(CC)Ljava/lang/String; @ 35
Event: 0.235 Thread 0x0000000002660800 Uncommon trap: reason=unstable_if action=reinterpret pc=0x00000000028bc718 method=java.util.zip.ZipFile.getZipEntry(Ljava/lang/String;J)Ljava/util/zip/ZipEntry; @ 19

Internal exceptions (2 events):
Event: 0.029 Thread 0x0000000002660800 Exception <a 'java/lang/NoSuchMethodError': Method sun.misc.Unsafe.defineClass(Ljava/lang/String;[BII)Ljava/lang/Class; name or signature does not match> (0x000000076ab07cc0) thrown at [C:\re\workspace\8-2-build-windows-amd64-cygwin\jdk8u101\7261\hotspot\sã@a’ÚEù?
Event: 0.029 Thread 0x0000000002660800 Exception <a 'java/lang/NoSuchMethodError': Method sun.misc.Unsafe.prefetchRead(Ljava/lang/Object;J)V name or signature does not match> (0x000000076ab07fa8) thrown at [C:\re\workspace\8-2-build-windows-amd64-cygwin\jdk8u101\7261\hotspot\src\share\vm\prims\

Events (10 events):
Event: 0.238 loading class java/util/regex/MatchResult done
Event: 0.238 loading class java/util/regex/Matcher done
Event: 0.285 Executing VM operation: ParallelGCFailedAllocation
Event: 0.292 Executing VM operation: ParallelGCFailedAllocation done
Event: 0.319 Executing VM operation: ParallelGCFailedAllocation
Event: 0.324 Executing VM operation: ParallelGCFailedAllocation done
Event: 0.333 Thread 0x0000000002660800 DEOPT PACKING pc=0x00000000028cf57a sp=0x000000000258eb30
Event: 0.333 Thread 0x0000000002660800 DEOPT UNPACKING pc=0x00000000027a71bf sp=0x000000000258e880 mode 0
Event: 0.413 Executing VM operation: ParallelGCFailedAllocation
Event: 0.423 Executing VM operation: ParallelGCFailedAllocation done


Dynamic libraries:
0x00007ff684310000 - 0x00007ff684347000 	C:\Program Files\Java\jdk1.8.0_101\bin\java.exe
0x00007ffefc520000 - 0x00007ffefc6f1000 	C:\Windows\SYSTEM32\ntdll.dll
0x00007ffefc080000 - 0x00007ffefc12b000 	C:\Windows\System32\KERNEL32.DLL
0x00007ffef9700000 - 0x00007ffef991d000 	C:\Windows\System32\KERNELBASE.dll
0x00007ffefc360000 - 0x00007ffefc402000 	C:\Windows\System32\ADVAPI32.dll
0x00007ffefa0f0000 - 0x00007ffefa18e000 	C:\Windows\System32\msvcrt.dll
0x00007ffefa090000 - 0x00007ffefa0e9000 	C:\Windows\System32\sechost.dll
0x00007ffef9f60000 - 0x00007ffefa081000 	C:\Windows\System32\RPCRT4.dll
0x00007ffefb9c0000 - 0x00007ffefbb25000 	C:\Windows\System32\USER32.dll
0x00007ffef8e00000 - 0x00007ffef8e1e000 	C:\Windows\System32\win32u.dll
0x00007ffefb980000 - 0x00007ffefb9b4000 	C:\Windows\System32\GDI32.dll
0x00007ffef9920000 - 0x00007ffef9aa2000 	C:\Windows\System32\gdi32full.dll
0x00007ffef1860000 - 0x00007ffef1ad9000 	C:\Windows\WinSxS\amd64_microsoft.windows.common-controls_6595b64144ccf1df_6.0.14393.0_none_2d0f50fcbdb171b8\COMCTL32.dll
0x00007ffef9c20000 - 0x00007ffef9ee7000 	C:\Windows\System32\combase.dll
0x00007ffef9600000 - 0x00007ffef96f5000 	C:\Windows\System32\ucrtbase.dll
0x00007ffef8d30000 - 0x00007ffef8d9a000 	C:\Windows\System32\bcryptPrimitives.dll
0x00007ffefb700000 - 0x00007ffefb72e000 	C:\Windows\System32\IMM32.DLL
0x0000000062310000 - 0x00000000623e2000 	C:\Program Files\Java\jdk1.8.0_101\jre\bin\msvcr100.dll
0x0000000061a70000 - 0x000000006230a000 	C:\Program Files\Java\jdk1.8.0_101\jre\bin\server\jvm.dll
0x00007ffefb830000 - 0x00007ffefb838000 	C:\Windows\System32\PSAPI.DLL
0x00007ffed8800000 - 0x00007ffed8809000 	C:\Windows\SYSTEM32\WSOCK32.dll
0x00007ffefc410000 - 0x00007ffefc47a000 	C:\Windows\System32\WS2_32.dll
0x00007ffef6eb0000 - 0x00007ffef6ed3000 	C:\Windows\SYSTEM32\WINMM.dll
0x00007ffef3270000 - 0x00007ffef327a000 	C:\Windows\SYSTEM32\VERSION.dll
0x0000000000c40000 - 0x0000000000c6b000 	C:\Windows\SYSTEM32\WINMMBASE.dll
0x00007ffef8ed0000 - 0x00007ffef8f12000 	C:\Windows\System32\cfgmgr32.dll
0x0000000061a60000 - 0x0000000061a6f000 	C:\Program Files\Java\jdk1.8.0_101\jre\bin\verify.dll
0x0000000061a30000 - 0x0000000061a59000 	C:\Program Files\Java\jdk1.8.0_101\jre\bin\java.dll
0x0000000061a10000 - 0x0000000061a26000 	C:\Program Files\Java\jdk1.8.0_101\jre\bin\zip.dll
0x00007ffefa1f0000 - 0x00007ffefb6f8000 	C:\Windows\System32\SHELL32.dll
0x00007ffef8f20000 - 0x00007ffef95fa000 	C:\Windows\System32\windows.storage.dll
0x00007ffef8a60000 - 0x00007ffef8aac000 	C:\Windows\System32\powrprof.dll
0x00007ffefa190000 - 0x00007ffefa1e2000 	C:\Windows\System32\shlwapi.dll
0x00007ffef8a40000 - 0x00007ffef8a4f000 	C:\Windows\System32\kernel.appcore.dll
0x00007ffef8e20000 - 0x00007ffef8ec9000 	C:\Windows\System32\shcore.dll
0x00007ffef8a20000 - 0x00007ffef8a34000 	C:\Windows\System32\profapi.dll
0x00007ffee7340000 - 0x00007ffee74d2000 	C:\Windows\SYSTEM32\dbghelp.dll

VM Arguments:
jvm_args: -Djava.awt.headless=true -Xmx4g -Dfile.encoding=windows-1252 -Duser.country=US -Duser.language=en -Duser.variant 
java_command: com.android.dx.command.Main --dex --num-threads=4 --multi-dex --main-dex-list C:\Users\carson\Desktop\POPS\app\build\intermediates\multi-dex\debug\maindexlist.txt --output C:\Users\carson\Desktop\POPS\app\build\intermediates\transforms\dex\debug\folders\1000\1f\main C:\Users\carson\Desktop\POPS\app\build\intermediates\transforms\jarMerging\debug\jars\1\1f\combined.jar
java_class_path (initial): C:\Users\carson\AppData\Local\Android\sdk\build-tools\24.0.2\lib\dx.jar
Launcher Type: SUN_STANDARD

Environment Variables:
PATH=C:\ProgramData\Oracle\Java\javapath;C:\Windows\system32;C:\Windows;C:\Windows\System32\Wbem;C:\Windows\System32\WindowsPowerShell\v1.0\;C:\Program Files (x86)\Brackets\command;C:\Windows\system32\config\systemprofile\.dnx\bin;C:\Program Files\Microsoft DNX\Dnvm\;C:\Program Files\Microsoft SQL Server\130\Tools\Binn\;C:\Program Files (x86)\Windows Kits\8.1\Windows Performance Toolkit\;C:\Users\carson\AppData\Local\scoop\apps\nodejs\6.3.1\nodejs;C:\Users\carson\AppData\Local\scoop\shims;C:\Users\carson\AppData\Local\Microsoft\WindowsApps;C:\Users\carson\AppData\Local\atom\bin
USERNAME=carson
OS=Windows_NT
PROCESSOR_IDENTIFIER=Intel64 Family 6 Model 15 Stepping 11, GenuineIntel



---------------  S Y S T E M  ---------------

OS: Windows 10.0 , 64 bit Build 14393 (10.0.14393.0)

CPU:total 2 (2 cores per cpu, 1 threads per core) family 6 model 15 stepping 11, cmov, cx8, fxsr, mmx, sse, sse2, sse3, ssse3, tsc

Memory: 4k page, physical 6289956k(2417608k free), swap 10269056k(3317508k free)

vm_info: Java HotSpot(TM) 64-Bit Server VM (25.101-b13) for windows-amd64 JRE (1.8.0_101-b13), built on Jun 22 2016 01:21:29 by "java_re" with MS VC++ 10.0 (VS2010)

time: Thu Sep 15 02:46:41 2016
elapsed time: 0 seconds (0d 0h 0m 0s)

